<?xml version="1.0" encoding="UTF-8"?>
<testsuite xmlns:xsi="http://www.w3.org/2001/XMLSchema-instance" xsi:noNamespaceSchemaLocation="https://maven.apache.org/surefire/maven-surefire-plugin/xsd/surefire-test-report-3.0.xsd" version="3.0" name="fr.exalt.businessmicroservicecustomer.BusinessMicroserviceCustomerApplicationTests" time="12.058" tests="1" errors="0" skipped="0" failures="0">
  <properties>
    <property name="java.specification.version" value="21"/>
    <property name="sun.jnu.encoding" value="UTF-8"/>
    <property name="java.class.path" value="/home/pn-zbook-g3/workspace/devops/EXALT/placide-nduwayo-bank-account-v1-bankAccount/backend/business-microservices/business-microservice-customer/target/test-classes:/home/pn-zbook-g3/workspace/devops/EXALT/placide-nduwayo-bank-account-v1-bankAccount/backend/business-microservices/business-microservice-customer/target/classes:/home/pn-zbook-g3/.m2/repository/org/springframework/boot/spring-boot-starter-data-jpa/3.2.5/spring-boot-starter-data-jpa-3.2.5.jar:/home/pn-zbook-g3/.m2/repository/org/springframework/boot/spring-boot-starter-aop/3.2.5/spring-boot-starter-aop-3.2.5.jar:/home/pn-zbook-g3/.m2/repository/org/springframework/spring-aop/6.1.6/spring-aop-6.1.6.jar:/home/pn-zbook-g3/.m2/repository/org/aspectj/aspectjweaver/1.9.22/aspectjweaver-1.9.22.jar:/home/pn-zbook-g3/.m2/repository/org/springframework/boot/spring-boot-starter-jdbc/3.2.5/spring-boot-starter-jdbc-3.2.5.jar:/home/pn-zbook-g3/.m2/repository/com/zaxxer/HikariCP/5.0.1/HikariCP-5.0.1.jar:/home/pn-zbook-g3/.m2/repository/org/springframework/spring-jdbc/6.1.6/spring-jdbc-6.1.6.jar:/home/pn-zbook-g3/.m2/repository/org/hibernate/orm/hibernate-core/6.4.4.Final/hibernate-core-6.4.4.Final.jar:/home/pn-zbook-g3/.m2/repository/jakarta/persistence/jakarta.persistence-api/3.1.0/jakarta.persistence-api-3.1.0.jar:/home/pn-zbook-g3/.m2/repository/jakarta/transaction/jakarta.transaction-api/2.0.1/jakarta.transaction-api-2.0.1.jar:/home/pn-zbook-g3/.m2/repository/org/jboss/logging/jboss-logging/3.5.3.Final/jboss-logging-3.5.3.Final.jar:/home/pn-zbook-g3/.m2/repository/org/hibernate/common/hibernate-commons-annotations/6.0.6.Final/hibernate-commons-annotations-6.0.6.Final.jar:/home/pn-zbook-g3/.m2/repository/io/smallrye/jandex/3.1.2/jandex-3.1.2.jar:/home/pn-zbook-g3/.m2/repository/com/fasterxml/classmate/1.6.0/classmate-1.6.0.jar:/home/pn-zbook-g3/.m2/repository/net/bytebuddy/byte-buddy/1.14.13/byte-buddy-1.14.13.jar:/home/pn-zbook-g3/.m2/repository/org/glassfish/jaxb/jaxb-runtime/4.0.5/jaxb-runtime-4.0.5.jar:/home/pn-zbook-g3/.m2/repository/org/glassfish/jaxb/jaxb-core/4.0.5/jaxb-core-4.0.5.jar:/home/pn-zbook-g3/.m2/repository/org/eclipse/angus/angus-activation/2.0.2/angus-activation-2.0.2.jar:/home/pn-zbook-g3/.m2/repository/org/glassfish/jaxb/txw2/4.0.5/txw2-4.0.5.jar:/home/pn-zbook-g3/.m2/repository/com/sun/istack/istack-commons-runtime/4.1.2/istack-commons-runtime-4.1.2.jar:/home/pn-zbook-g3/.m2/repository/jakarta/inject/jakarta.inject-api/2.0.1/jakarta.inject-api-2.0.1.jar:/home/pn-zbook-g3/.m2/repository/org/antlr/antlr4-runtime/4.13.0/antlr4-runtime-4.13.0.jar:/home/pn-zbook-g3/.m2/repository/org/springframework/data/spring-data-jpa/3.2.5/spring-data-jpa-3.2.5.jar:/home/pn-zbook-g3/.m2/repository/org/springframework/data/spring-data-commons/3.2.5/spring-data-commons-3.2.5.jar:/home/pn-zbook-g3/.m2/repository/org/springframework/spring-orm/6.1.6/spring-orm-6.1.6.jar:/home/pn-zbook-g3/.m2/repository/org/springframework/spring-context/6.1.6/spring-context-6.1.6.jar:/home/pn-zbook-g3/.m2/repository/org/springframework/spring-tx/6.1.6/spring-tx-6.1.6.jar:/home/pn-zbook-g3/.m2/repository/org/springframework/spring-beans/6.1.6/spring-beans-6.1.6.jar:/home/pn-zbook-g3/.m2/repository/jakarta/annotation/jakarta.annotation-api/2.1.1/jakarta.annotation-api-2.1.1.jar:/home/pn-zbook-g3/.m2/repository/org/slf4j/slf4j-api/2.0.13/slf4j-api-2.0.13.jar:/home/pn-zbook-g3/.m2/repository/org/springframework/spring-aspects/6.1.6/spring-aspects-6.1.6.jar:/home/pn-zbook-g3/.m2/repository/org/springframework/boot/spring-boot-starter-web/3.2.5/spring-boot-starter-web-3.2.5.jar:/home/pn-zbook-g3/.m2/repository/org/springframework/boot/spring-boot-starter/3.2.5/spring-boot-starter-3.2.5.jar:/home/pn-zbook-g3/.m2/repository/org/springframework/boot/spring-boot/3.2.5/spring-boot-3.2.5.jar:/home/pn-zbook-g3/.m2/repository/org/springframework/boot/spring-boot-autoconfigure/3.2.5/spring-boot-autoconfigure-3.2.5.jar:/home/pn-zbook-g3/.m2/repository/org/springframework/boot/spring-boot-starter-logging/3.2.5/spring-boot-starter-logging-3.2.5.jar:/home/pn-zbook-g3/.m2/repository/ch/qos/logback/logback-classic/1.4.14/logback-classic-1.4.14.jar:/home/pn-zbook-g3/.m2/repository/ch/qos/logback/logback-core/1.4.14/logback-core-1.4.14.jar:/home/pn-zbook-g3/.m2/repository/org/apache/logging/log4j/log4j-to-slf4j/2.21.1/log4j-to-slf4j-2.21.1.jar:/home/pn-zbook-g3/.m2/repository/org/apache/logging/log4j/log4j-api/2.21.1/log4j-api-2.21.1.jar:/home/pn-zbook-g3/.m2/repository/org/slf4j/jul-to-slf4j/2.0.13/jul-to-slf4j-2.0.13.jar:/home/pn-zbook-g3/.m2/repository/org/yaml/snakeyaml/2.2/snakeyaml-2.2.jar:/home/pn-zbook-g3/.m2/repository/org/springframework/boot/spring-boot-starter-json/3.2.5/spring-boot-starter-json-3.2.5.jar:/home/pn-zbook-g3/.m2/repository/com/fasterxml/jackson/datatype/jackson-datatype-jdk8/2.15.4/jackson-datatype-jdk8-2.15.4.jar:/home/pn-zbook-g3/.m2/repository/com/fasterxml/jackson/datatype/jackson-datatype-jsr310/2.15.4/jackson-datatype-jsr310-2.15.4.jar:/home/pn-zbook-g3/.m2/repository/com/fasterxml/jackson/module/jackson-module-parameter-names/2.15.4/jackson-module-parameter-names-2.15.4.jar:/home/pn-zbook-g3/.m2/repository/org/springframework/boot/spring-boot-starter-tomcat/3.2.5/spring-boot-starter-tomcat-3.2.5.jar:/home/pn-zbook-g3/.m2/repository/org/apache/tomcat/embed/tomcat-embed-core/10.1.20/tomcat-embed-core-10.1.20.jar:/home/pn-zbook-g3/.m2/repository/org/apache/tomcat/embed/tomcat-embed-el/10.1.20/tomcat-embed-el-10.1.20.jar:/home/pn-zbook-g3/.m2/repository/org/apache/tomcat/embed/tomcat-embed-websocket/10.1.20/tomcat-embed-websocket-10.1.20.jar:/home/pn-zbook-g3/.m2/repository/org/springframework/spring-web/6.1.6/spring-web-6.1.6.jar:/home/pn-zbook-g3/.m2/repository/io/micrometer/micrometer-observation/1.12.5/micrometer-observation-1.12.5.jar:/home/pn-zbook-g3/.m2/repository/io/micrometer/micrometer-commons/1.12.5/micrometer-commons-1.12.5.jar:/home/pn-zbook-g3/.m2/repository/org/springframework/spring-webmvc/6.1.6/spring-webmvc-6.1.6.jar:/home/pn-zbook-g3/.m2/repository/org/springframework/spring-expression/6.1.6/spring-expression-6.1.6.jar:/home/pn-zbook-g3/.m2/repository/org/springframework/cloud/spring-cloud-starter-bootstrap/4.1.2/spring-cloud-starter-bootstrap-4.1.2.jar:/home/pn-zbook-g3/.m2/repository/org/springframework/cloud/spring-cloud-starter/4.1.2/spring-cloud-starter-4.1.2.jar:/home/pn-zbook-g3/.m2/repository/org/springframework/cloud/spring-cloud-context/4.1.2/spring-cloud-context-4.1.2.jar:/home/pn-zbook-g3/.m2/repository/org/springframework/security/spring-security-rsa/1.1.2/spring-security-rsa-1.1.2.jar:/home/pn-zbook-g3/.m2/repository/org/bouncycastle/bcprov-jdk18on/1.77/bcprov-jdk18on-1.77.jar:/home/pn-zbook-g3/.m2/repository/org/springframework/cloud/spring-cloud-starter-circuitbreaker-resilience4j/3.1.1/spring-cloud-starter-circuitbreaker-resilience4j-3.1.1.jar:/home/pn-zbook-g3/.m2/repository/org/springframework/cloud/spring-cloud-circuitbreaker-resilience4j/3.1.1/spring-cloud-circuitbreaker-resilience4j-3.1.1.jar:/home/pn-zbook-g3/.m2/repository/io/github/resilience4j/resilience4j-spring-boot3/2.1.0/resilience4j-spring-boot3-2.1.0.jar:/home/pn-zbook-g3/.m2/repository/io/github/resilience4j/resilience4j-spring6/2.1.0/resilience4j-spring6-2.1.0.jar:/home/pn-zbook-g3/.m2/repository/io/github/resilience4j/resilience4j-annotations/2.1.0/resilience4j-annotations-2.1.0.jar:/home/pn-zbook-g3/.m2/repository/io/github/resilience4j/resilience4j-consumer/2.1.0/resilience4j-consumer-2.1.0.jar:/home/pn-zbook-g3/.m2/repository/io/github/resilience4j/resilience4j-circularbuffer/2.1.0/resilience4j-circularbuffer-2.1.0.jar:/home/pn-zbook-g3/.m2/repository/io/github/resilience4j/resilience4j-framework-common/2.1.0/resilience4j-framework-common-2.1.0.jar:/home/pn-zbook-g3/.m2/repository/io/github/resilience4j/resilience4j-micrometer/2.1.0/resilience4j-micrometer-2.1.0.jar:/home/pn-zbook-g3/.m2/repository/io/micrometer/micrometer-core/1.12.5/micrometer-core-1.12.5.jar:/home/pn-zbook-g3/.m2/repository/org/hdrhistogram/HdrHistogram/2.1.12/HdrHistogram-2.1.12.jar:/home/pn-zbook-g3/.m2/repository/org/latencyutils/LatencyUtils/2.0.3/LatencyUtils-2.0.3.jar:/home/pn-zbook-g3/.m2/repository/io/github/resilience4j/resilience4j-retry/2.1.0/resilience4j-retry-2.1.0.jar:/home/pn-zbook-g3/.m2/repository/io/github/resilience4j/resilience4j-ratelimiter/2.1.0/resilience4j-ratelimiter-2.1.0.jar:/home/pn-zbook-g3/.m2/repository/io/github/resilience4j/resilience4j-circuitbreaker/2.1.0/resilience4j-circuitbreaker-2.1.0.jar:/home/pn-zbook-g3/.m2/repository/io/github/resilience4j/resilience4j-core/2.1.0/resilience4j-core-2.1.0.jar:/home/pn-zbook-g3/.m2/repository/io/github/resilience4j/resilience4j-timelimiter/2.1.0/resilience4j-timelimiter-2.1.0.jar:/home/pn-zbook-g3/.m2/repository/org/springframework/cloud/spring-cloud-starter-config/4.1.1/spring-cloud-starter-config-4.1.1.jar:/home/pn-zbook-g3/.m2/repository/org/springframework/cloud/spring-cloud-config-client/4.1.1/spring-cloud-config-client-4.1.1.jar:/home/pn-zbook-g3/.m2/repository/com/fasterxml/jackson/core/jackson-annotations/2.15.4/jackson-annotations-2.15.4.jar:/home/pn-zbook-g3/.m2/repository/org/apache/httpcomponents/client5/httpclient5/5.2.3/httpclient5-5.2.3.jar:/home/pn-zbook-g3/.m2/repository/org/apache/httpcomponents/core5/httpcore5/5.2.4/httpcore5-5.2.4.jar:/home/pn-zbook-g3/.m2/repository/org/apache/httpcomponents/core5/httpcore5-h2/5.2.4/httpcore5-h2-5.2.4.jar:/home/pn-zbook-g3/.m2/repository/com/fasterxml/jackson/core/jackson-databind/2.15.4/jackson-databind-2.15.4.jar:/home/pn-zbook-g3/.m2/repository/com/fasterxml/jackson/core/jackson-core/2.15.4/jackson-core-2.15.4.jar:/home/pn-zbook-g3/.m2/repository/org/springframework/cloud/spring-cloud-starter-openfeign/4.1.1/spring-cloud-starter-openfeign-4.1.1.jar:/home/pn-zbook-g3/.m2/repository/org/springframework/cloud/spring-cloud-openfeign-core/4.1.1/spring-cloud-openfeign-core-4.1.1.jar:/home/pn-zbook-g3/.m2/repository/io/github/openfeign/form/feign-form-spring/3.8.0/feign-form-spring-3.8.0.jar:/home/pn-zbook-g3/.m2/repository/io/github/openfeign/form/feign-form/3.8.0/feign-form-3.8.0.jar:/home/pn-zbook-g3/.m2/repository/commons-fileupload/commons-fileupload/1.5/commons-fileupload-1.5.jar:/home/pn-zbook-g3/.m2/repository/commons-io/commons-io/2.11.0/commons-io-2.11.0.jar:/home/pn-zbook-g3/.m2/repository/org/springframework/cloud/spring-cloud-commons/4.1.2/spring-cloud-commons-4.1.2.jar:/home/pn-zbook-g3/.m2/repository/org/springframework/security/spring-security-crypto/6.2.4/spring-security-crypto-6.2.4.jar:/home/pn-zbook-g3/.m2/repository/io/github/openfeign/feign-core/13.2.1/feign-core-13.2.1.jar:/home/pn-zbook-g3/.m2/repository/io/github/openfeign/feign-slf4j/13.2.1/feign-slf4j-13.2.1.jar:/home/pn-zbook-g3/.m2/repository/org/postgresql/postgresql/42.6.2/postgresql-42.6.2.jar:/home/pn-zbook-g3/.m2/repository/org/checkerframework/checker-qual/3.31.0/checker-qual-3.31.0.jar:/home/pn-zbook-g3/.m2/repository/org/projectlombok/lombok/1.18.32/lombok-1.18.32.jar:/home/pn-zbook-g3/.m2/repository/org/springframework/cloud/spring-cloud-starter-netflix-eureka-client/4.1.1/spring-cloud-starter-netflix-eureka-client-4.1.1.jar:/home/pn-zbook-g3/.m2/repository/org/springframework/cloud/spring-cloud-netflix-eureka-client/4.1.1/spring-cloud-netflix-eureka-client-4.1.1.jar:/home/pn-zbook-g3/.m2/repository/com/netflix/eureka/eureka-client/2.0.2/eureka-client-2.0.2.jar:/home/pn-zbook-g3/.m2/repository/com/netflix/netflix-commons/netflix-eventbus/0.3.0/netflix-eventbus-0.3.0.jar:/home/pn-zbook-g3/.m2/repository/com/netflix/netflix-commons/netflix-infix/0.3.0/netflix-infix-0.3.0.jar:/home/pn-zbook-g3/.m2/repository/commons-jxpath/commons-jxpath/1.3/commons-jxpath-1.3.jar:/home/pn-zbook-g3/.m2/repository/joda-time/joda-time/2.3/joda-time-2.3.jar:/home/pn-zbook-g3/.m2/repository/org/antlr/antlr-runtime/3.4/antlr-runtime-3.4.jar:/home/pn-zbook-g3/.m2/repository/org/antlr/stringtemplate/3.2.1/stringtemplate-3.2.1.jar:/home/pn-zbook-g3/.m2/repository/antlr/antlr/2.7.7/antlr-2.7.7.jar:/home/pn-zbook-g3/.m2/repository/com/google/code/gson/gson/2.10.1/gson-2.10.1.jar:/home/pn-zbook-g3/.m2/repository/org/apache/commons/commons-math/2.2/commons-math-2.2.jar:/home/pn-zbook-g3/.m2/repository/com/thoughtworks/xstream/xstream/1.4.19/xstream-1.4.19.jar:/home/pn-zbook-g3/.m2/repository/io/github/x-stream/mxparser/1.2.2/mxparser-1.2.2.jar:/home/pn-zbook-g3/.m2/repository/xmlpull/xmlpull/1.1.3.1/xmlpull-1.1.3.1.jar:/home/pn-zbook-g3/.m2/repository/jakarta/ws/rs/jakarta.ws.rs-api/3.1.0/jakarta.ws.rs-api-3.1.0.jar:/home/pn-zbook-g3/.m2/repository/com/netflix/servo/servo-core/0.12.21/servo-core-0.12.21.jar:/home/pn-zbook-g3/.m2/repository/com/google/guava/guava/19.0/guava-19.0.jar:/home/pn-zbook-g3/.m2/repository/org/apache/httpcomponents/httpclient/4.5.3/httpclient-4.5.3.jar:/home/pn-zbook-g3/.m2/repository/org/apache/httpcomponents/httpcore/4.4.16/httpcore-4.4.16.jar:/home/pn-zbook-g3/.m2/repository/commons-codec/commons-codec/1.16.1/commons-codec-1.16.1.jar:/home/pn-zbook-g3/.m2/repository/commons-configuration/commons-configuration/1.10/commons-configuration-1.10.jar:/home/pn-zbook-g3/.m2/repository/commons-lang/commons-lang/2.6/commons-lang-2.6.jar:/home/pn-zbook-g3/.m2/repository/org/codehaus/jettison/jettison/1.5.4/jettison-1.5.4.jar:/home/pn-zbook-g3/.m2/repository/com/netflix/eureka/eureka-core/2.0.2/eureka-core-2.0.2.jar:/home/pn-zbook-g3/.m2/repository/com/fasterxml/woodstox/woodstox-core/6.2.1/woodstox-core-6.2.1.jar:/home/pn-zbook-g3/.m2/repository/org/codehaus/woodstox/stax2-api/4.2.1/stax2-api-4.2.1.jar:/home/pn-zbook-g3/.m2/repository/org/springframework/cloud/spring-cloud-starter-loadbalancer/4.1.2/spring-cloud-starter-loadbalancer-4.1.2.jar:/home/pn-zbook-g3/.m2/repository/org/springframework/cloud/spring-cloud-loadbalancer/4.1.2/spring-cloud-loadbalancer-4.1.2.jar:/home/pn-zbook-g3/.m2/repository/io/projectreactor/reactor-core/3.6.5/reactor-core-3.6.5.jar:/home/pn-zbook-g3/.m2/repository/org/reactivestreams/reactive-streams/1.0.4/reactive-streams-1.0.4.jar:/home/pn-zbook-g3/.m2/repository/io/projectreactor/addons/reactor-extra/3.5.1/reactor-extra-3.5.1.jar:/home/pn-zbook-g3/.m2/repository/org/springframework/boot/spring-boot-starter-cache/3.2.5/spring-boot-starter-cache-3.2.5.jar:/home/pn-zbook-g3/.m2/repository/org/springframework/spring-context-support/6.1.6/spring-context-support-6.1.6.jar:/home/pn-zbook-g3/.m2/repository/com/stoyanr/evictor/1.0.0/evictor-1.0.0.jar:/home/pn-zbook-g3/.m2/repository/org/springframework/boot/spring-boot-starter-test/3.2.5/spring-boot-starter-test-3.2.5.jar:/home/pn-zbook-g3/.m2/repository/org/springframework/boot/spring-boot-test/3.2.5/spring-boot-test-3.2.5.jar:/home/pn-zbook-g3/.m2/repository/org/springframework/boot/spring-boot-test-autoconfigure/3.2.5/spring-boot-test-autoconfigure-3.2.5.jar:/home/pn-zbook-g3/.m2/repository/com/jayway/jsonpath/json-path/2.9.0/json-path-2.9.0.jar:/home/pn-zbook-g3/.m2/repository/jakarta/xml/bind/jakarta.xml.bind-api/4.0.2/jakarta.xml.bind-api-4.0.2.jar:/home/pn-zbook-g3/.m2/repository/jakarta/activation/jakarta.activation-api/2.1.3/jakarta.activation-api-2.1.3.jar:/home/pn-zbook-g3/.m2/repository/net/minidev/json-smart/2.5.1/json-smart-2.5.1.jar:/home/pn-zbook-g3/.m2/repository/net/minidev/accessors-smart/2.5.1/accessors-smart-2.5.1.jar:/home/pn-zbook-g3/.m2/repository/org/ow2/asm/asm/9.6/asm-9.6.jar:/home/pn-zbook-g3/.m2/repository/org/assertj/assertj-core/3.24.2/assertj-core-3.24.2.jar:/home/pn-zbook-g3/.m2/repository/org/awaitility/awaitility/4.2.1/awaitility-4.2.1.jar:/home/pn-zbook-g3/.m2/repository/org/hamcrest/hamcrest/2.2/hamcrest-2.2.jar:/home/pn-zbook-g3/.m2/repository/org/junit/jupiter/junit-jupiter/5.10.2/junit-jupiter-5.10.2.jar:/home/pn-zbook-g3/.m2/repository/org/junit/jupiter/junit-jupiter-api/5.10.2/junit-jupiter-api-5.10.2.jar:/home/pn-zbook-g3/.m2/repository/org/opentest4j/opentest4j/1.3.0/opentest4j-1.3.0.jar:/home/pn-zbook-g3/.m2/repository/org/junit/platform/junit-platform-commons/1.10.2/junit-platform-commons-1.10.2.jar:/home/pn-zbook-g3/.m2/repository/org/apiguardian/apiguardian-api/1.1.2/apiguardian-api-1.1.2.jar:/home/pn-zbook-g3/.m2/repository/org/junit/jupiter/junit-jupiter-params/5.10.2/junit-jupiter-params-5.10.2.jar:/home/pn-zbook-g3/.m2/repository/org/junit/jupiter/junit-jupiter-engine/5.10.2/junit-jupiter-engine-5.10.2.jar:/home/pn-zbook-g3/.m2/repository/org/junit/platform/junit-platform-engine/1.10.2/junit-platform-engine-1.10.2.jar:/home/pn-zbook-g3/.m2/repository/org/mockito/mockito-core/5.7.0/mockito-core-5.7.0.jar:/home/pn-zbook-g3/.m2/repository/net/bytebuddy/byte-buddy-agent/1.14.13/byte-buddy-agent-1.14.13.jar:/home/pn-zbook-g3/.m2/repository/org/objenesis/objenesis/3.3/objenesis-3.3.jar:/home/pn-zbook-g3/.m2/repository/org/mockito/mockito-junit-jupiter/5.7.0/mockito-junit-jupiter-5.7.0.jar:/home/pn-zbook-g3/.m2/repository/org/skyscreamer/jsonassert/1.5.1/jsonassert-1.5.1.jar:/home/pn-zbook-g3/.m2/repository/com/vaadin/external/google/android-json/0.0.20131108.vaadin1/android-json-0.0.20131108.vaadin1.jar:/home/pn-zbook-g3/.m2/repository/org/springframework/spring-core/6.1.6/spring-core-6.1.6.jar:/home/pn-zbook-g3/.m2/repository/org/springframework/spring-jcl/6.1.6/spring-jcl-6.1.6.jar:/home/pn-zbook-g3/.m2/repository/org/springframework/spring-test/6.1.6/spring-test-6.1.6.jar:/home/pn-zbook-g3/.m2/repository/org/xmlunit/xmlunit-core/2.9.1/xmlunit-core-2.9.1.jar:"/>
    <property name="java.vm.vendor" value="Private Build"/>
    <property name="sun.arch.data.model" value="64"/>
    <property name="java.vendor.url" value="Unknown"/>
    <property name="user.timezone" value="Europe/Paris"/>
    <property name="org.jboss.logging.provider" value="slf4j"/>
    <property name="os.name" value="Linux"/>
    <property name="java.vm.specification.version" value="21"/>
    <property name="sun.java.launcher" value="SUN_STANDARD"/>
    <property name="user.country" value="US"/>
    <property name="sun.boot.library.path" value="/usr/lib/jvm/java-21-openjdk-amd64/lib"/>
    <property name="sun.java.command" value="/home/pn-zbook-g3/workspace/devops/EXALT/placide-nduwayo-bank-account-v1-bankAccount/backend/business-microservices/business-microservice-customer/target/surefire/surefirebooter-20240507190036631_3.jar /home/pn-zbook-g3/workspace/devops/EXALT/placide-nduwayo-bank-account-v1-bankAccount/backend/business-microservices/business-microservice-customer/target/surefire 2024-05-07T19-00-36_495-jvmRun1 surefire-20240507190036631_1tmp surefire_0-20240507190036631_2tmp"/>
    <property name="jdk.debug" value="release"/>
    <property name="surefire.test.class.path" value="/home/pn-zbook-g3/workspace/devops/EXALT/placide-nduwayo-bank-account-v1-bankAccount/backend/business-microservices/business-microservice-customer/target/test-classes:/home/pn-zbook-g3/workspace/devops/EXALT/placide-nduwayo-bank-account-v1-bankAccount/backend/business-microservices/business-microservice-customer/target/classes:/home/pn-zbook-g3/.m2/repository/org/springframework/boot/spring-boot-starter-data-jpa/3.2.5/spring-boot-starter-data-jpa-3.2.5.jar:/home/pn-zbook-g3/.m2/repository/org/springframework/boot/spring-boot-starter-aop/3.2.5/spring-boot-starter-aop-3.2.5.jar:/home/pn-zbook-g3/.m2/repository/org/springframework/spring-aop/6.1.6/spring-aop-6.1.6.jar:/home/pn-zbook-g3/.m2/repository/org/aspectj/aspectjweaver/1.9.22/aspectjweaver-1.9.22.jar:/home/pn-zbook-g3/.m2/repository/org/springframework/boot/spring-boot-starter-jdbc/3.2.5/spring-boot-starter-jdbc-3.2.5.jar:/home/pn-zbook-g3/.m2/repository/com/zaxxer/HikariCP/5.0.1/HikariCP-5.0.1.jar:/home/pn-zbook-g3/.m2/repository/org/springframework/spring-jdbc/6.1.6/spring-jdbc-6.1.6.jar:/home/pn-zbook-g3/.m2/repository/org/hibernate/orm/hibernate-core/6.4.4.Final/hibernate-core-6.4.4.Final.jar:/home/pn-zbook-g3/.m2/repository/jakarta/persistence/jakarta.persistence-api/3.1.0/jakarta.persistence-api-3.1.0.jar:/home/pn-zbook-g3/.m2/repository/jakarta/transaction/jakarta.transaction-api/2.0.1/jakarta.transaction-api-2.0.1.jar:/home/pn-zbook-g3/.m2/repository/org/jboss/logging/jboss-logging/3.5.3.Final/jboss-logging-3.5.3.Final.jar:/home/pn-zbook-g3/.m2/repository/org/hibernate/common/hibernate-commons-annotations/6.0.6.Final/hibernate-commons-annotations-6.0.6.Final.jar:/home/pn-zbook-g3/.m2/repository/io/smallrye/jandex/3.1.2/jandex-3.1.2.jar:/home/pn-zbook-g3/.m2/repository/com/fasterxml/classmate/1.6.0/classmate-1.6.0.jar:/home/pn-zbook-g3/.m2/repository/net/bytebuddy/byte-buddy/1.14.13/byte-buddy-1.14.13.jar:/home/pn-zbook-g3/.m2/repository/org/glassfish/jaxb/jaxb-runtime/4.0.5/jaxb-runtime-4.0.5.jar:/home/pn-zbook-g3/.m2/repository/org/glassfish/jaxb/jaxb-core/4.0.5/jaxb-core-4.0.5.jar:/home/pn-zbook-g3/.m2/repository/org/eclipse/angus/angus-activation/2.0.2/angus-activation-2.0.2.jar:/home/pn-zbook-g3/.m2/repository/org/glassfish/jaxb/txw2/4.0.5/txw2-4.0.5.jar:/home/pn-zbook-g3/.m2/repository/com/sun/istack/istack-commons-runtime/4.1.2/istack-commons-runtime-4.1.2.jar:/home/pn-zbook-g3/.m2/repository/jakarta/inject/jakarta.inject-api/2.0.1/jakarta.inject-api-2.0.1.jar:/home/pn-zbook-g3/.m2/repository/org/antlr/antlr4-runtime/4.13.0/antlr4-runtime-4.13.0.jar:/home/pn-zbook-g3/.m2/repository/org/springframework/data/spring-data-jpa/3.2.5/spring-data-jpa-3.2.5.jar:/home/pn-zbook-g3/.m2/repository/org/springframework/data/spring-data-commons/3.2.5/spring-data-commons-3.2.5.jar:/home/pn-zbook-g3/.m2/repository/org/springframework/spring-orm/6.1.6/spring-orm-6.1.6.jar:/home/pn-zbook-g3/.m2/repository/org/springframework/spring-context/6.1.6/spring-context-6.1.6.jar:/home/pn-zbook-g3/.m2/repository/org/springframework/spring-tx/6.1.6/spring-tx-6.1.6.jar:/home/pn-zbook-g3/.m2/repository/org/springframework/spring-beans/6.1.6/spring-beans-6.1.6.jar:/home/pn-zbook-g3/.m2/repository/jakarta/annotation/jakarta.annotation-api/2.1.1/jakarta.annotation-api-2.1.1.jar:/home/pn-zbook-g3/.m2/repository/org/slf4j/slf4j-api/2.0.13/slf4j-api-2.0.13.jar:/home/pn-zbook-g3/.m2/repository/org/springframework/spring-aspects/6.1.6/spring-aspects-6.1.6.jar:/home/pn-zbook-g3/.m2/repository/org/springframework/boot/spring-boot-starter-web/3.2.5/spring-boot-starter-web-3.2.5.jar:/home/pn-zbook-g3/.m2/repository/org/springframework/boot/spring-boot-starter/3.2.5/spring-boot-starter-3.2.5.jar:/home/pn-zbook-g3/.m2/repository/org/springframework/boot/spring-boot/3.2.5/spring-boot-3.2.5.jar:/home/pn-zbook-g3/.m2/repository/org/springframework/boot/spring-boot-autoconfigure/3.2.5/spring-boot-autoconfigure-3.2.5.jar:/home/pn-zbook-g3/.m2/repository/org/springframework/boot/spring-boot-starter-logging/3.2.5/spring-boot-starter-logging-3.2.5.jar:/home/pn-zbook-g3/.m2/repository/ch/qos/logback/logback-classic/1.4.14/logback-classic-1.4.14.jar:/home/pn-zbook-g3/.m2/repository/ch/qos/logback/logback-core/1.4.14/logback-core-1.4.14.jar:/home/pn-zbook-g3/.m2/repository/org/apache/logging/log4j/log4j-to-slf4j/2.21.1/log4j-to-slf4j-2.21.1.jar:/home/pn-zbook-g3/.m2/repository/org/apache/logging/log4j/log4j-api/2.21.1/log4j-api-2.21.1.jar:/home/pn-zbook-g3/.m2/repository/org/slf4j/jul-to-slf4j/2.0.13/jul-to-slf4j-2.0.13.jar:/home/pn-zbook-g3/.m2/repository/org/yaml/snakeyaml/2.2/snakeyaml-2.2.jar:/home/pn-zbook-g3/.m2/repository/org/springframework/boot/spring-boot-starter-json/3.2.5/spring-boot-starter-json-3.2.5.jar:/home/pn-zbook-g3/.m2/repository/com/fasterxml/jackson/datatype/jackson-datatype-jdk8/2.15.4/jackson-datatype-jdk8-2.15.4.jar:/home/pn-zbook-g3/.m2/repository/com/fasterxml/jackson/datatype/jackson-datatype-jsr310/2.15.4/jackson-datatype-jsr310-2.15.4.jar:/home/pn-zbook-g3/.m2/repository/com/fasterxml/jackson/module/jackson-module-parameter-names/2.15.4/jackson-module-parameter-names-2.15.4.jar:/home/pn-zbook-g3/.m2/repository/org/springframework/boot/spring-boot-starter-tomcat/3.2.5/spring-boot-starter-tomcat-3.2.5.jar:/home/pn-zbook-g3/.m2/repository/org/apache/tomcat/embed/tomcat-embed-core/10.1.20/tomcat-embed-core-10.1.20.jar:/home/pn-zbook-g3/.m2/repository/org/apache/tomcat/embed/tomcat-embed-el/10.1.20/tomcat-embed-el-10.1.20.jar:/home/pn-zbook-g3/.m2/repository/org/apache/tomcat/embed/tomcat-embed-websocket/10.1.20/tomcat-embed-websocket-10.1.20.jar:/home/pn-zbook-g3/.m2/repository/org/springframework/spring-web/6.1.6/spring-web-6.1.6.jar:/home/pn-zbook-g3/.m2/repository/io/micrometer/micrometer-observation/1.12.5/micrometer-observation-1.12.5.jar:/home/pn-zbook-g3/.m2/repository/io/micrometer/micrometer-commons/1.12.5/micrometer-commons-1.12.5.jar:/home/pn-zbook-g3/.m2/repository/org/springframework/spring-webmvc/6.1.6/spring-webmvc-6.1.6.jar:/home/pn-zbook-g3/.m2/repository/org/springframework/spring-expression/6.1.6/spring-expression-6.1.6.jar:/home/pn-zbook-g3/.m2/repository/org/springframework/cloud/spring-cloud-starter-bootstrap/4.1.2/spring-cloud-starter-bootstrap-4.1.2.jar:/home/pn-zbook-g3/.m2/repository/org/springframework/cloud/spring-cloud-starter/4.1.2/spring-cloud-starter-4.1.2.jar:/home/pn-zbook-g3/.m2/repository/org/springframework/cloud/spring-cloud-context/4.1.2/spring-cloud-context-4.1.2.jar:/home/pn-zbook-g3/.m2/repository/org/springframework/security/spring-security-rsa/1.1.2/spring-security-rsa-1.1.2.jar:/home/pn-zbook-g3/.m2/repository/org/bouncycastle/bcprov-jdk18on/1.77/bcprov-jdk18on-1.77.jar:/home/pn-zbook-g3/.m2/repository/org/springframework/cloud/spring-cloud-starter-circuitbreaker-resilience4j/3.1.1/spring-cloud-starter-circuitbreaker-resilience4j-3.1.1.jar:/home/pn-zbook-g3/.m2/repository/org/springframework/cloud/spring-cloud-circuitbreaker-resilience4j/3.1.1/spring-cloud-circuitbreaker-resilience4j-3.1.1.jar:/home/pn-zbook-g3/.m2/repository/io/github/resilience4j/resilience4j-spring-boot3/2.1.0/resilience4j-spring-boot3-2.1.0.jar:/home/pn-zbook-g3/.m2/repository/io/github/resilience4j/resilience4j-spring6/2.1.0/resilience4j-spring6-2.1.0.jar:/home/pn-zbook-g3/.m2/repository/io/github/resilience4j/resilience4j-annotations/2.1.0/resilience4j-annotations-2.1.0.jar:/home/pn-zbook-g3/.m2/repository/io/github/resilience4j/resilience4j-consumer/2.1.0/resilience4j-consumer-2.1.0.jar:/home/pn-zbook-g3/.m2/repository/io/github/resilience4j/resilience4j-circularbuffer/2.1.0/resilience4j-circularbuffer-2.1.0.jar:/home/pn-zbook-g3/.m2/repository/io/github/resilience4j/resilience4j-framework-common/2.1.0/resilience4j-framework-common-2.1.0.jar:/home/pn-zbook-g3/.m2/repository/io/github/resilience4j/resilience4j-micrometer/2.1.0/resilience4j-micrometer-2.1.0.jar:/home/pn-zbook-g3/.m2/repository/io/micrometer/micrometer-core/1.12.5/micrometer-core-1.12.5.jar:/home/pn-zbook-g3/.m2/repository/org/hdrhistogram/HdrHistogram/2.1.12/HdrHistogram-2.1.12.jar:/home/pn-zbook-g3/.m2/repository/org/latencyutils/LatencyUtils/2.0.3/LatencyUtils-2.0.3.jar:/home/pn-zbook-g3/.m2/repository/io/github/resilience4j/resilience4j-retry/2.1.0/resilience4j-retry-2.1.0.jar:/home/pn-zbook-g3/.m2/repository/io/github/resilience4j/resilience4j-ratelimiter/2.1.0/resilience4j-ratelimiter-2.1.0.jar:/home/pn-zbook-g3/.m2/repository/io/github/resilience4j/resilience4j-circuitbreaker/2.1.0/resilience4j-circuitbreaker-2.1.0.jar:/home/pn-zbook-g3/.m2/repository/io/github/resilience4j/resilience4j-core/2.1.0/resilience4j-core-2.1.0.jar:/home/pn-zbook-g3/.m2/repository/io/github/resilience4j/resilience4j-timelimiter/2.1.0/resilience4j-timelimiter-2.1.0.jar:/home/pn-zbook-g3/.m2/repository/org/springframework/cloud/spring-cloud-starter-config/4.1.1/spring-cloud-starter-config-4.1.1.jar:/home/pn-zbook-g3/.m2/repository/org/springframework/cloud/spring-cloud-config-client/4.1.1/spring-cloud-config-client-4.1.1.jar:/home/pn-zbook-g3/.m2/repository/com/fasterxml/jackson/core/jackson-annotations/2.15.4/jackson-annotations-2.15.4.jar:/home/pn-zbook-g3/.m2/repository/org/apache/httpcomponents/client5/httpclient5/5.2.3/httpclient5-5.2.3.jar:/home/pn-zbook-g3/.m2/repository/org/apache/httpcomponents/core5/httpcore5/5.2.4/httpcore5-5.2.4.jar:/home/pn-zbook-g3/.m2/repository/org/apache/httpcomponents/core5/httpcore5-h2/5.2.4/httpcore5-h2-5.2.4.jar:/home/pn-zbook-g3/.m2/repository/com/fasterxml/jackson/core/jackson-databind/2.15.4/jackson-databind-2.15.4.jar:/home/pn-zbook-g3/.m2/repository/com/fasterxml/jackson/core/jackson-core/2.15.4/jackson-core-2.15.4.jar:/home/pn-zbook-g3/.m2/repository/org/springframework/cloud/spring-cloud-starter-openfeign/4.1.1/spring-cloud-starter-openfeign-4.1.1.jar:/home/pn-zbook-g3/.m2/repository/org/springframework/cloud/spring-cloud-openfeign-core/4.1.1/spring-cloud-openfeign-core-4.1.1.jar:/home/pn-zbook-g3/.m2/repository/io/github/openfeign/form/feign-form-spring/3.8.0/feign-form-spring-3.8.0.jar:/home/pn-zbook-g3/.m2/repository/io/github/openfeign/form/feign-form/3.8.0/feign-form-3.8.0.jar:/home/pn-zbook-g3/.m2/repository/commons-fileupload/commons-fileupload/1.5/commons-fileupload-1.5.jar:/home/pn-zbook-g3/.m2/repository/commons-io/commons-io/2.11.0/commons-io-2.11.0.jar:/home/pn-zbook-g3/.m2/repository/org/springframework/cloud/spring-cloud-commons/4.1.2/spring-cloud-commons-4.1.2.jar:/home/pn-zbook-g3/.m2/repository/org/springframework/security/spring-security-crypto/6.2.4/spring-security-crypto-6.2.4.jar:/home/pn-zbook-g3/.m2/repository/io/github/openfeign/feign-core/13.2.1/feign-core-13.2.1.jar:/home/pn-zbook-g3/.m2/repository/io/github/openfeign/feign-slf4j/13.2.1/feign-slf4j-13.2.1.jar:/home/pn-zbook-g3/.m2/repository/org/postgresql/postgresql/42.6.2/postgresql-42.6.2.jar:/home/pn-zbook-g3/.m2/repository/org/checkerframework/checker-qual/3.31.0/checker-qual-3.31.0.jar:/home/pn-zbook-g3/.m2/repository/org/projectlombok/lombok/1.18.32/lombok-1.18.32.jar:/home/pn-zbook-g3/.m2/repository/org/springframework/cloud/spring-cloud-starter-netflix-eureka-client/4.1.1/spring-cloud-starter-netflix-eureka-client-4.1.1.jar:/home/pn-zbook-g3/.m2/repository/org/springframework/cloud/spring-cloud-netflix-eureka-client/4.1.1/spring-cloud-netflix-eureka-client-4.1.1.jar:/home/pn-zbook-g3/.m2/repository/com/netflix/eureka/eureka-client/2.0.2/eureka-client-2.0.2.jar:/home/pn-zbook-g3/.m2/repository/com/netflix/netflix-commons/netflix-eventbus/0.3.0/netflix-eventbus-0.3.0.jar:/home/pn-zbook-g3/.m2/repository/com/netflix/netflix-commons/netflix-infix/0.3.0/netflix-infix-0.3.0.jar:/home/pn-zbook-g3/.m2/repository/commons-jxpath/commons-jxpath/1.3/commons-jxpath-1.3.jar:/home/pn-zbook-g3/.m2/repository/joda-time/joda-time/2.3/joda-time-2.3.jar:/home/pn-zbook-g3/.m2/repository/org/antlr/antlr-runtime/3.4/antlr-runtime-3.4.jar:/home/pn-zbook-g3/.m2/repository/org/antlr/stringtemplate/3.2.1/stringtemplate-3.2.1.jar:/home/pn-zbook-g3/.m2/repository/antlr/antlr/2.7.7/antlr-2.7.7.jar:/home/pn-zbook-g3/.m2/repository/com/google/code/gson/gson/2.10.1/gson-2.10.1.jar:/home/pn-zbook-g3/.m2/repository/org/apache/commons/commons-math/2.2/commons-math-2.2.jar:/home/pn-zbook-g3/.m2/repository/com/thoughtworks/xstream/xstream/1.4.19/xstream-1.4.19.jar:/home/pn-zbook-g3/.m2/repository/io/github/x-stream/mxparser/1.2.2/mxparser-1.2.2.jar:/home/pn-zbook-g3/.m2/repository/xmlpull/xmlpull/1.1.3.1/xmlpull-1.1.3.1.jar:/home/pn-zbook-g3/.m2/repository/jakarta/ws/rs/jakarta.ws.rs-api/3.1.0/jakarta.ws.rs-api-3.1.0.jar:/home/pn-zbook-g3/.m2/repository/com/netflix/servo/servo-core/0.12.21/servo-core-0.12.21.jar:/home/pn-zbook-g3/.m2/repository/com/google/guava/guava/19.0/guava-19.0.jar:/home/pn-zbook-g3/.m2/repository/org/apache/httpcomponents/httpclient/4.5.3/httpclient-4.5.3.jar:/home/pn-zbook-g3/.m2/repository/org/apache/httpcomponents/httpcore/4.4.16/httpcore-4.4.16.jar:/home/pn-zbook-g3/.m2/repository/commons-codec/commons-codec/1.16.1/commons-codec-1.16.1.jar:/home/pn-zbook-g3/.m2/repository/commons-configuration/commons-configuration/1.10/commons-configuration-1.10.jar:/home/pn-zbook-g3/.m2/repository/commons-lang/commons-lang/2.6/commons-lang-2.6.jar:/home/pn-zbook-g3/.m2/repository/org/codehaus/jettison/jettison/1.5.4/jettison-1.5.4.jar:/home/pn-zbook-g3/.m2/repository/com/netflix/eureka/eureka-core/2.0.2/eureka-core-2.0.2.jar:/home/pn-zbook-g3/.m2/repository/com/fasterxml/woodstox/woodstox-core/6.2.1/woodstox-core-6.2.1.jar:/home/pn-zbook-g3/.m2/repository/org/codehaus/woodstox/stax2-api/4.2.1/stax2-api-4.2.1.jar:/home/pn-zbook-g3/.m2/repository/org/springframework/cloud/spring-cloud-starter-loadbalancer/4.1.2/spring-cloud-starter-loadbalancer-4.1.2.jar:/home/pn-zbook-g3/.m2/repository/org/springframework/cloud/spring-cloud-loadbalancer/4.1.2/spring-cloud-loadbalancer-4.1.2.jar:/home/pn-zbook-g3/.m2/repository/io/projectreactor/reactor-core/3.6.5/reactor-core-3.6.5.jar:/home/pn-zbook-g3/.m2/repository/org/reactivestreams/reactive-streams/1.0.4/reactive-streams-1.0.4.jar:/home/pn-zbook-g3/.m2/repository/io/projectreactor/addons/reactor-extra/3.5.1/reactor-extra-3.5.1.jar:/home/pn-zbook-g3/.m2/repository/org/springframework/boot/spring-boot-starter-cache/3.2.5/spring-boot-starter-cache-3.2.5.jar:/home/pn-zbook-g3/.m2/repository/org/springframework/spring-context-support/6.1.6/spring-context-support-6.1.6.jar:/home/pn-zbook-g3/.m2/repository/com/stoyanr/evictor/1.0.0/evictor-1.0.0.jar:/home/pn-zbook-g3/.m2/repository/org/springframework/boot/spring-boot-starter-test/3.2.5/spring-boot-starter-test-3.2.5.jar:/home/pn-zbook-g3/.m2/repository/org/springframework/boot/spring-boot-test/3.2.5/spring-boot-test-3.2.5.jar:/home/pn-zbook-g3/.m2/repository/org/springframework/boot/spring-boot-test-autoconfigure/3.2.5/spring-boot-test-autoconfigure-3.2.5.jar:/home/pn-zbook-g3/.m2/repository/com/jayway/jsonpath/json-path/2.9.0/json-path-2.9.0.jar:/home/pn-zbook-g3/.m2/repository/jakarta/xml/bind/jakarta.xml.bind-api/4.0.2/jakarta.xml.bind-api-4.0.2.jar:/home/pn-zbook-g3/.m2/repository/jakarta/activation/jakarta.activation-api/2.1.3/jakarta.activation-api-2.1.3.jar:/home/pn-zbook-g3/.m2/repository/net/minidev/json-smart/2.5.1/json-smart-2.5.1.jar:/home/pn-zbook-g3/.m2/repository/net/minidev/accessors-smart/2.5.1/accessors-smart-2.5.1.jar:/home/pn-zbook-g3/.m2/repository/org/ow2/asm/asm/9.6/asm-9.6.jar:/home/pn-zbook-g3/.m2/repository/org/assertj/assertj-core/3.24.2/assertj-core-3.24.2.jar:/home/pn-zbook-g3/.m2/repository/org/awaitility/awaitility/4.2.1/awaitility-4.2.1.jar:/home/pn-zbook-g3/.m2/repository/org/hamcrest/hamcrest/2.2/hamcrest-2.2.jar:/home/pn-zbook-g3/.m2/repository/org/junit/jupiter/junit-jupiter/5.10.2/junit-jupiter-5.10.2.jar:/home/pn-zbook-g3/.m2/repository/org/junit/jupiter/junit-jupiter-api/5.10.2/junit-jupiter-api-5.10.2.jar:/home/pn-zbook-g3/.m2/repository/org/opentest4j/opentest4j/1.3.0/opentest4j-1.3.0.jar:/home/pn-zbook-g3/.m2/repository/org/junit/platform/junit-platform-commons/1.10.2/junit-platform-commons-1.10.2.jar:/home/pn-zbook-g3/.m2/repository/org/apiguardian/apiguardian-api/1.1.2/apiguardian-api-1.1.2.jar:/home/pn-zbook-g3/.m2/repository/org/junit/jupiter/junit-jupiter-params/5.10.2/junit-jupiter-params-5.10.2.jar:/home/pn-zbook-g3/.m2/repository/org/junit/jupiter/junit-jupiter-engine/5.10.2/junit-jupiter-engine-5.10.2.jar:/home/pn-zbook-g3/.m2/repository/org/junit/platform/junit-platform-engine/1.10.2/junit-platform-engine-1.10.2.jar:/home/pn-zbook-g3/.m2/repository/org/mockito/mockito-core/5.7.0/mockito-core-5.7.0.jar:/home/pn-zbook-g3/.m2/repository/net/bytebuddy/byte-buddy-agent/1.14.13/byte-buddy-agent-1.14.13.jar:/home/pn-zbook-g3/.m2/repository/org/objenesis/objenesis/3.3/objenesis-3.3.jar:/home/pn-zbook-g3/.m2/repository/org/mockito/mockito-junit-jupiter/5.7.0/mockito-junit-jupiter-5.7.0.jar:/home/pn-zbook-g3/.m2/repository/org/skyscreamer/jsonassert/1.5.1/jsonassert-1.5.1.jar:/home/pn-zbook-g3/.m2/repository/com/vaadin/external/google/android-json/0.0.20131108.vaadin1/android-json-0.0.20131108.vaadin1.jar:/home/pn-zbook-g3/.m2/repository/org/springframework/spring-core/6.1.6/spring-core-6.1.6.jar:/home/pn-zbook-g3/.m2/repository/org/springframework/spring-jcl/6.1.6/spring-jcl-6.1.6.jar:/home/pn-zbook-g3/.m2/repository/org/springframework/spring-test/6.1.6/spring-test-6.1.6.jar:/home/pn-zbook-g3/.m2/repository/org/xmlunit/xmlunit-core/2.9.1/xmlunit-core-2.9.1.jar:"/>
    <property name="sun.cpu.endian" value="little"/>
    <property name="user.home" value="/home/pn-zbook-g3"/>
    <property name="user.language" value="en"/>
    <property name="java.specification.vendor" value="Oracle Corporation"/>
    <property name="java.version.date" value="2024-01-16"/>
    <property name="java.home" value="/usr/lib/jvm/java-21-openjdk-amd64"/>
    <property name="file.separator" value="/"/>
    <property name="basedir" value="/home/pn-zbook-g3/workspace/devops/EXALT/placide-nduwayo-bank-account-v1-bankAccount/backend/business-microservices/business-microservice-customer"/>
    <property name="java.vm.compressedOopsMode" value="Zero based"/>
    <property name="line.separator" value="&#10;"/>
    <property name="java.specification.name" value="Java Platform API Specification"/>
    <property name="java.vm.specification.vendor" value="Oracle Corporation"/>
    <property name="FILE_LOG_CHARSET" value="UTF-8"/>
    <property name="java.awt.headless" value="true"/>
    <property name="surefire.real.class.path" value="/home/pn-zbook-g3/workspace/devops/EXALT/placide-nduwayo-bank-account-v1-bankAccount/backend/business-microservices/business-microservice-customer/target/surefire/surefirebooter-20240507190036631_3.jar"/>
    <property name="sun.management.compiler" value="HotSpot 64-Bit Tiered Compilers"/>
    <property name="java.runtime.version" value="21.0.2+13-Ubuntu-120.04.1"/>
    <property name="user.name" value="pn-zbook-g3"/>
    <property name="stdout.encoding" value="UTF-8"/>
    <property name="path.separator" value=":"/>
    <property name="os.version" value="5.15.0-105-generic"/>
    <property name="java.runtime.name" value="OpenJDK Runtime Environment"/>
    <property name="file.encoding" value="UTF-8"/>
    <property name="java.vm.name" value="OpenJDK 64-Bit Server VM"/>
    <property name="localRepository" value="/home/pn-zbook-g3/.m2/repository"/>
    <property name="java.vendor.url.bug" value="Unknown"/>
    <property name="java.io.tmpdir" value="/tmp"/>
    <property name="idea.version" value="2023.3.2"/>
    <property name="com.zaxxer.hikari.pool_number" value="1"/>
    <property name="java.version" value="21.0.2"/>
    <property name="user.dir" value="/home/pn-zbook-g3/workspace/devops/EXALT/placide-nduwayo-bank-account-v1-bankAccount/backend/business-microservices/business-microservice-customer"/>
    <property name="os.arch" value="amd64"/>
    <property name="java.vm.specification.name" value="Java Virtual Machine Specification"/>
    <property name="PID" value="86410"/>
    <property name="CONSOLE_LOG_CHARSET" value="UTF-8"/>
    <property name="native.encoding" value="UTF-8"/>
    <property name="java.library.path" value="/usr/java/packages/lib:/usr/lib/x86_64-linux-gnu/jni:/lib/x86_64-linux-gnu:/usr/lib/x86_64-linux-gnu:/usr/lib/jni:/lib:/usr/lib"/>
    <property name="java.vm.info" value="mixed mode, sharing"/>
    <property name="stderr.encoding" value="UTF-8"/>
    <property name="java.vendor" value="Private Build"/>
    <property name="java.vm.version" value="21.0.2+13-Ubuntu-120.04.1"/>
    <property name="sun.io.unicode.encoding" value="UnicodeLittle"/>
    <property name="java.class.version" value="65.0"/>
    <property name="LOGGED_APPLICATION_NAME" value="[business-microservice-customer] "/>
  </properties>
  <testcase name="contextLoads" classname="fr.exalt.businessmicroservicecustomer.BusinessMicroserviceCustomerApplicationTests" time="0.021">
    <system-out><![CDATA[19:00:40.277 [main] INFO org.springframework.test.context.support.AnnotationConfigContextLoaderUtils -- Could not detect default configuration classes for test class [fr.exalt.businessmicroservicecustomer.BusinessMicroserviceCustomerApplicationTests]: BusinessMicroserviceCustomerApplicationTests does not declare any static, non-private, non-final, nested classes annotated with @Configuration.
19:00:40.548 [main] INFO org.springframework.boot.test.context.SpringBootTestContextBootstrapper -- Found @SpringBootConfiguration fr.exalt.businessmicroservicecustomer.BusinessMicroserviceCustomerApplication for test class fr.exalt.businessmicroservicecustomer.BusinessMicroserviceCustomerApplicationTests
2024-05-07T19:00:41.760+02:00  INFO 86410 --- [business-microservice-customer] [           main] c.c.c.ConfigServicePropertySourceLocator : Fetching config from server at : http://localhost:8100
2024-05-07T19:00:42.960+02:00  INFO 86410 --- [business-microservice-customer] [           main] c.c.c.ConfigServicePropertySourceLocator : Located environment: name=business-microservice-customer, profiles=[dev], label=null, version=603b103027ae8bd07607aa773836a57e59865368, state=null
2024-05-07T19:00:42.963+02:00  INFO 86410 --- [business-microservice-customer] [           main] b.c.PropertySourceBootstrapConfiguration : Located property source: [BootstrapPropertySource {name='bootstrapProperties-configClient'}, BootstrapPropertySource {name='bootstrapProperties-https://gitlab.com/exalt-it-dojo/candidats/placide-nduwayo-bank-account-v1-e7a0cbb8-637f-4d54-accc-caf7442c19bd.git/configurations-center/business-microservice-customer.properties'}, BootstrapPropertySource {name='bootstrapProperties-https://gitlab.com/exalt-it-dojo/candidats/placide-nduwayo-bank-account-v1-e7a0cbb8-637f-4d54-accc-caf7442c19bd.git/configurations-center/application.properties'}]
2024-05-07T19:00:42.992+02:00  INFO 86410 --- [business-microservice-customer] [           main] nessMicroserviceCustomerApplicationTests : The following 1 profile is active: "dev"
2024-05-07T19:00:43.858+02:00  INFO 86410 --- [business-microservice-customer] [           main] .s.d.r.c.RepositoryConfigurationDelegate : Bootstrapping Spring Data JPA repositories in DEFAULT mode.
2024-05-07T19:00:44.063+02:00  INFO 86410 --- [business-microservice-customer] [           main] .s.d.r.c.RepositoryConfigurationDelegate : Finished Spring Data repository scanning in 197 ms. Found 2 JPA repository interfaces.
2024-05-07T19:00:44.768+02:00  INFO 86410 --- [business-microservice-customer] [           main] o.s.cloud.context.scope.GenericScope     : BeanFactory id=faa2c93a-b654-3737-9261-40b19b74ac08
2024-05-07T19:00:45.315+02:00  WARN 86410 --- [business-microservice-customer] [           main] trationDelegate$BeanPostProcessorChecker : Bean 'org.springframework.cloud.client.loadbalancer.LoadBalancerAutoConfiguration$DeferringLoadBalancerInterceptorConfig' of type [org.springframework.cloud.client.loadbalancer.LoadBalancerAutoConfiguration$DeferringLoadBalancerInterceptorConfig] is not eligible for getting processed by all BeanPostProcessors (for example: not eligible for auto-proxying). The currently created BeanPostProcessor [lbRestClientPostProcessor] is declared through a non-static factory method on that class; consider declaring it as static instead.
2024-05-07T19:00:45.323+02:00  WARN 86410 --- [business-microservice-customer] [           main] trationDelegate$BeanPostProcessorChecker : Bean 'deferringLoadBalancerInterceptor' of type [org.springframework.cloud.client.loadbalancer.DeferringLoadBalancerInterceptor] is not eligible for getting processed by all BeanPostProcessors (for example: not eligible for auto-proxying). Is this bean getting eagerly injected into a currently created BeanPostProcessor [lbRestClientPostProcessor]? Check the corresponding BeanPostProcessor declaration and its dependencies.
2024-05-07T19:00:45.690+02:00  INFO 86410 --- [business-microservice-customer] [           main] o.hibernate.jpa.internal.util.LogHelper  : HHH000204: Processing PersistenceUnitInfo [name: default]
2024-05-07T19:00:45.778+02:00  INFO 86410 --- [business-microservice-customer] [           main] org.hibernate.Version                    : HHH000412: Hibernate ORM core version 6.4.4.Final
2024-05-07T19:00:45.843+02:00  INFO 86410 --- [business-microservice-customer] [           main] o.h.c.internal.RegionFactoryInitiator    : HHH000026: Second-level cache disabled
2024-05-07T19:00:46.023+02:00  INFO 86410 --- [business-microservice-customer] [           main] o.s.o.j.p.SpringPersistenceUnitInfo      : No LoadTimeWeaver setup: ignoring JPA class transformer
2024-05-07T19:00:46.068+02:00  INFO 86410 --- [business-microservice-customer] [           main] com.zaxxer.hikari.HikariDataSource       : HikariPool-1 - Starting...
2024-05-07T19:00:46.409+02:00  INFO 86410 --- [business-microservice-customer] [           main] com.zaxxer.hikari.pool.HikariPool        : HikariPool-1 - Added connection org.postgresql.jdbc.PgConnection@56226064
2024-05-07T19:00:46.411+02:00  INFO 86410 --- [business-microservice-customer] [           main] com.zaxxer.hikari.HikariDataSource       : HikariPool-1 - Start completed.
2024-05-07T19:00:46.477+02:00  WARN 86410 --- [business-microservice-customer] [           main] org.hibernate.orm.deprecation            : HHH90000025: PostgreSQLDialect does not need to be specified explicitly using 'hibernate.dialect' (remove the property setting and it will be selected by default)
2024-05-07T19:00:47.603+02:00  INFO 86410 --- [business-microservice-customer] [           main] o.h.e.t.j.p.i.JtaPlatformInitiator       : HHH000489: No JTA platform available (set 'hibernate.transaction.jta.platform' to enable JTA platform integration)
2024-05-07T19:00:47.736+02:00  INFO 86410 --- [business-microservice-customer] [           main] j.LocalContainerEntityManagerFactoryBean : Initialized JPA EntityManagerFactory for persistence unit 'default'
2024-05-07T19:00:48.968+02:00  WARN 86410 --- [business-microservice-customer] [           main] JpaBaseConfiguration$JpaWebConfiguration : spring.jpa.open-in-view is enabled by default. Therefore, database queries may be performed during view rendering. Explicitly configure spring.jpa.open-in-view to disable this warning
2024-05-07T19:00:51.042+02:00  INFO 86410 --- [business-microservice-customer] [           main] DiscoveryClientOptionalArgsConfiguration : Eureka HTTP Client uses RestTemplate.
2024-05-07T19:00:51.149+02:00  WARN 86410 --- [business-microservice-customer] [           main] iguration$LoadBalancerCaffeineWarnLogger : Spring Cloud LoadBalancer is currently working with the default cache. While this cache implementation is useful for development and tests, it's recommended to use Caffeine cache in production.You can switch to using Caffeine cache, by adding it and org.springframework.cache.caffeine.CaffeineCacheManager to the classpath.
2024-05-07T19:00:51.234+02:00  INFO 86410 --- [business-microservice-customer] [           main] o.s.c.n.eureka.InstanceInfoFactory       : Setting initial instance status as: STARTING
2024-05-07T19:00:51.564+02:00  INFO 86410 --- [business-microservice-customer] [           main] com.netflix.discovery.DiscoveryClient    : Initializing Eureka in region us-east-1
2024-05-07T19:00:51.570+02:00  INFO 86410 --- [business-microservice-customer] [           main] c.n.d.s.r.aws.ConfigClusterResolver      : Resolving eureka endpoints via configuration
2024-05-07T19:00:51.604+02:00  INFO 86410 --- [business-microservice-customer] [           main] com.netflix.discovery.DiscoveryClient    : Disable delta property : false
2024-05-07T19:00:51.604+02:00  INFO 86410 --- [business-microservice-customer] [           main] com.netflix.discovery.DiscoveryClient    : Single vip registry refresh property : null
2024-05-07T19:00:51.605+02:00  INFO 86410 --- [business-microservice-customer] [           main] com.netflix.discovery.DiscoveryClient    : Force full registry fetch : false
2024-05-07T19:00:51.605+02:00  INFO 86410 --- [business-microservice-customer] [           main] com.netflix.discovery.DiscoveryClient    : Application is null : false
2024-05-07T19:00:51.605+02:00  INFO 86410 --- [business-microservice-customer] [           main] com.netflix.discovery.DiscoveryClient    : Registered Applications size is zero : true
2024-05-07T19:00:51.605+02:00  INFO 86410 --- [business-microservice-customer] [           main] com.netflix.discovery.DiscoveryClient    : Application version is -1: true
2024-05-07T19:00:51.605+02:00  INFO 86410 --- [business-microservice-customer] [           main] com.netflix.discovery.DiscoveryClient    : Getting all instance registry info from the eureka server
2024-05-07T19:00:52.077+02:00  INFO 86410 --- [business-microservice-customer] [           main] c.n.d.s.t.d.RedirectingEurekaHttpClient  : Request execution error. endpoint=DefaultEndpoint{ serviceUrl='http://microservices-registration-server:8761/eureka/}, exception=I/O error on GET request for "http://microservices-registration-server:8761/eureka/apps/": microservices-registration-server: Temporary failure in name resolution stacktrace=org.springframework.web.client.ResourceAccessException: I/O error on GET request for "http://microservices-registration-server:8761/eureka/apps/": microservices-registration-server: Temporary failure in name resolution
	at org.springframework.web.client.RestTemplate.createResourceAccessException(RestTemplate.java:915)
	at org.springframework.web.client.RestTemplate.doExecute(RestTemplate.java:895)
	at org.springframework.web.client.RestTemplate.execute(RestTemplate.java:790)
	at org.springframework.web.client.RestTemplate.exchange(RestTemplate.java:672)
	at org.springframework.cloud.netflix.eureka.http.RestTemplateEurekaHttpClient.getApplicationsInternal(RestTemplateEurekaHttpClient.java:145)
	at org.springframework.cloud.netflix.eureka.http.RestTemplateEurekaHttpClient.getApplications(RestTemplateEurekaHttpClient.java:135)
	at com.netflix.discovery.shared.transport.decorator.EurekaHttpClientDecorator$6.execute(EurekaHttpClientDecorator.java:137)
	at com.netflix.discovery.shared.transport.decorator.RedirectingEurekaHttpClient.executeOnNewServer(RedirectingEurekaHttpClient.java:121)
	at com.netflix.discovery.shared.transport.decorator.RedirectingEurekaHttpClient.execute(RedirectingEurekaHttpClient.java:80)
	at com.netflix.discovery.shared.transport.decorator.EurekaHttpClientDecorator.getApplications(EurekaHttpClientDecorator.java:134)
	at com.netflix.discovery.shared.transport.decorator.EurekaHttpClientDecorator$6.execute(EurekaHttpClientDecorator.java:137)
	at com.netflix.discovery.shared.transport.decorator.RetryableEurekaHttpClient.execute(RetryableEurekaHttpClient.java:120)
	at com.netflix.discovery.shared.transport.decorator.EurekaHttpClientDecorator.getApplications(EurekaHttpClientDecorator.java:134)
	at com.netflix.discovery.shared.transport.decorator.EurekaHttpClientDecorator$6.execute(EurekaHttpClientDecorator.java:137)
	at com.netflix.discovery.shared.transport.decorator.SessionedEurekaHttpClient.execute(SessionedEurekaHttpClient.java:77)
	at com.netflix.discovery.shared.transport.decorator.EurekaHttpClientDecorator.getApplications(EurekaHttpClientDecorator.java:134)
	at com.netflix.discovery.DiscoveryClient.getAndStoreFullRegistry(DiscoveryClient.java:1045)
	at com.netflix.discovery.DiscoveryClient.fetchRegistry(DiscoveryClient.java:958)
	at com.netflix.discovery.DiscoveryClient.<init>(DiscoveryClient.java:396)
	at com.netflix.discovery.DiscoveryClient.<init>(DiscoveryClient.java:247)
	at com.netflix.discovery.DiscoveryClient.<init>(DiscoveryClient.java:242)
	at org.springframework.cloud.netflix.eureka.CloudEurekaClient.<init>(CloudEurekaClient.java:68)
	at org.springframework.cloud.netflix.eureka.EurekaClientAutoConfiguration$RefreshableEurekaClientConfiguration.eurekaClient(EurekaClientAutoConfiguration.java:321)
	at java.base/jdk.internal.reflect.DirectMethodHandleAccessor.invoke(DirectMethodHandleAccessor.java:103)
	at java.base/java.lang.reflect.Method.invoke(Method.java:580)
	at org.springframework.beans.factory.support.SimpleInstantiationStrategy.instantiate(SimpleInstantiationStrategy.java:140)
	at org.springframework.beans.factory.support.ConstructorResolver.instantiate(ConstructorResolver.java:644)
	at org.springframework.beans.factory.support.ConstructorResolver.instantiateUsingFactoryMethod(ConstructorResolver.java:636)
	at org.springframework.beans.factory.support.AbstractAutowireCapableBeanFactory.instantiateUsingFactoryMethod(AbstractAutowireCapableBeanFactory.java:1335)
	at org.springframework.beans.factory.support.AbstractAutowireCapableBeanFactory.createBeanInstance(AbstractAutowireCapableBeanFactory.java:1165)
	at org.springframework.beans.factory.support.AbstractAutowireCapableBeanFactory.doCreateBean(AbstractAutowireCapableBeanFactory.java:562)
	at org.springframework.beans.factory.support.AbstractAutowireCapableBeanFactory.createBean(AbstractAutowireCapableBeanFactory.java:522)
	at org.springframework.beans.factory.support.AbstractBeanFactory.lambda$doGetBean$1(AbstractBeanFactory.java:365)
	at org.springframework.cloud.context.scope.GenericScope$BeanLifecycleWrapper.getBean(GenericScope.java:375)
	at org.springframework.cloud.context.scope.GenericScope.get(GenericScope.java:179)
	at org.springframework.beans.factory.support.AbstractBeanFactory.doGetBean(AbstractBeanFactory.java:362)
	at org.springframework.beans.factory.support.AbstractBeanFactory.getBean(AbstractBeanFactory.java:200)
	at org.springframework.aop.target.SimpleBeanTargetSource.getTarget(SimpleBeanTargetSource.java:35)
	at org.springframework.cloud.netflix.eureka.serviceregistry.EurekaRegistration.getTargetObject(EurekaRegistration.java:128)
	at org.springframework.cloud.netflix.eureka.serviceregistry.EurekaRegistration.getEurekaClient(EurekaRegistration.java:116)
	at java.base/jdk.internal.reflect.DirectMethodHandleAccessor.invoke(DirectMethodHandleAccessor.java:103)
	at java.base/java.lang.reflect.Method.invoke(Method.java:580)
	at org.springframework.util.ReflectionUtils.invokeMethod(ReflectionUtils.java:281)
	at org.springframework.cloud.context.scope.GenericScope$LockedScopedProxyFactoryBean.invoke(GenericScope.java:482)
	at org.springframework.aop.framework.ReflectiveMethodInvocation.proceed(ReflectiveMethodInvocation.java:184)
	at org.springframework.aop.framework.CglibAopProxy$CglibMethodInvocation.proceed(CglibAopProxy.java:768)
	at org.springframework.aop.framework.CglibAopProxy$DynamicAdvisedInterceptor.intercept(CglibAopProxy.java:720)
	at org.springframework.cloud.netflix.eureka.serviceregistry.EurekaRegistration$$SpringCGLIB$$0.getEurekaClient(<generated>)
	at org.springframework.cloud.netflix.eureka.serviceregistry.EurekaServiceRegistry.maybeInitializeClient(EurekaServiceRegistry.java:83)
	at org.springframework.cloud.netflix.eureka.serviceregistry.EurekaServiceRegistry.register(EurekaServiceRegistry.java:66)
	at org.springframework.cloud.netflix.eureka.serviceregistry.EurekaAutoServiceRegistration.start(EurekaAutoServiceRegistration.java:89)
	at org.springframework.context.support.DefaultLifecycleProcessor.doStart(DefaultLifecycleProcessor.java:288)
	at org.springframework.context.support.DefaultLifecycleProcessor$LifecycleGroup.start(DefaultLifecycleProcessor.java:471)
	at java.base/java.lang.Iterable.forEach(Iterable.java:75)
	at org.springframework.context.support.DefaultLifecycleProcessor.startBeans(DefaultLifecycleProcessor.java:260)
	at org.springframework.context.support.DefaultLifecycleProcessor.onRefresh(DefaultLifecycleProcessor.java:205)
	at org.springframework.context.support.AbstractApplicationContext.finishRefresh(AbstractApplicationContext.java:981)
	at org.springframework.context.support.AbstractApplicationContext.refresh(AbstractApplicationContext.java:627)
	at org.springframework.boot.SpringApplication.refresh(SpringApplication.java:754)
	at org.springframework.boot.SpringApplication.refreshContext(SpringApplication.java:456)
	at org.springframework.boot.SpringApplication.run(SpringApplication.java:334)
	at org.springframework.boot.test.context.SpringBootContextLoader.lambda$loadContext$3(SpringBootContextLoader.java:137)
	at org.springframework.util.function.ThrowingSupplier.get(ThrowingSupplier.java:58)
	at org.springframework.util.function.ThrowingSupplier.get(ThrowingSupplier.java:46)
	at org.springframework.boot.SpringApplication.withHook(SpringApplication.java:1454)
	at org.springframework.boot.test.context.SpringBootContextLoader$ContextLoaderHook.run(SpringBootContextLoader.java:553)
	at org.springframework.boot.test.context.SpringBootContextLoader.loadContext(SpringBootContextLoader.java:137)
	at org.springframework.boot.test.context.SpringBootContextLoader.loadContext(SpringBootContextLoader.java:108)
	at org.springframework.test.context.cache.DefaultCacheAwareContextLoaderDelegate.loadContextInternal(DefaultCacheAwareContextLoaderDelegate.java:225)
	at org.springframework.test.context.cache.DefaultCacheAwareContextLoaderDelegate.loadContext(DefaultCacheAwareContextLoaderDelegate.java:152)
	at org.springframework.test.context.support.DefaultTestContext.getApplicationContext(DefaultTestContext.java:130)
	at org.springframework.test.context.web.ServletTestExecutionListener.setUpRequestContextIfNecessary(ServletTestExecutionListener.java:191)
	at org.springframework.test.context.web.ServletTestExecutionListener.prepareTestInstance(ServletTestExecutionListener.java:130)
	at org.springframework.test.context.TestContextManager.prepareTestInstance(TestContextManager.java:260)
	at org.springframework.test.context.junit.jupiter.SpringExtension.postProcessTestInstance(SpringExtension.java:163)
	at org.junit.jupiter.engine.descriptor.ClassBasedTestDescriptor.lambda$invokeTestInstancePostProcessors$10(ClassBasedTestDescriptor.java:378)
	at org.junit.jupiter.engine.descriptor.ClassBasedTestDescriptor.executeAndMaskThrowable(ClassBasedTestDescriptor.java:383)
	at org.junit.jupiter.engine.descriptor.ClassBasedTestDescriptor.lambda$invokeTestInstancePostProcessors$11(ClassBasedTestDescriptor.java:378)
	at java.base/java.util.stream.ReferencePipeline$3$1.accept(ReferencePipeline.java:197)
	at java.base/java.util.stream.ReferencePipeline$2$1.accept(ReferencePipeline.java:179)
	at java.base/java.util.ArrayList$ArrayListSpliterator.forEachRemaining(ArrayList.java:1708)
	at java.base/java.util.stream.AbstractPipeline.copyInto(AbstractPipeline.java:509)
	at java.base/java.util.stream.AbstractPipeline.wrapAndCopyInto(AbstractPipeline.java:499)
	at java.base/java.util.stream.StreamSpliterators$WrappingSpliterator.forEachRemaining(StreamSpliterators.java:310)
	at java.base/java.util.stream.Streams$ConcatSpliterator.forEachRemaining(Streams.java:735)
	at java.base/java.util.stream.Streams$ConcatSpliterator.forEachRemaining(Streams.java:734)
	at java.base/java.util.stream.ReferencePipeline$Head.forEach(ReferencePipeline.java:762)
	at org.junit.jupiter.engine.descriptor.ClassBasedTestDescriptor.invokeTestInstancePostProcessors(ClassBasedTestDescriptor.java:377)
	at org.junit.jupiter.engine.descriptor.ClassBasedTestDescriptor.lambda$instantiateAndPostProcessTestInstance$6(ClassBasedTestDescriptor.java:290)
	at org.junit.platform.engine.support.hierarchical.ThrowableCollector.execute(ThrowableCollector.java:73)
	at org.junit.jupiter.engine.descriptor.ClassBasedTestDescriptor.instantiateAndPostProcessTestInstance(ClassBasedTestDescriptor.java:289)
	at org.junit.jupiter.engine.descriptor.ClassBasedTestDescriptor.lambda$testInstancesProvider$4(ClassBasedTestDescriptor.java:279)
	at java.base/java.util.Optional.orElseGet(Optional.java:364)
	at org.junit.jupiter.engine.descriptor.ClassBasedTestDescriptor.lambda$testInstancesProvider$5(ClassBasedTestDescriptor.java:278)
	at org.junit.jupiter.engine.execution.TestInstancesProvider.getTestInstances(TestInstancesProvider.java:31)
	at org.junit.jupiter.engine.descriptor.TestMethodTestDescriptor.lambda$prepare$0(TestMethodTestDescriptor.java:106)
	at org.junit.platform.engine.support.hierarchical.ThrowableCollector.execute(ThrowableCollector.java:73)
	at org.junit.jupiter.engine.descriptor.TestMethodTestDescriptor.prepare(TestMethodTestDescriptor.java:105)
	at org.junit.jupiter.engine.descriptor.TestMethodTestDescriptor.prepare(TestMethodTestDescriptor.java:69)
	at org.junit.platform.engine.support.hierarchical.NodeTestTask.lambda$prepare$2(NodeTestTask.java:123)
	at org.junit.platform.engine.support.hierarchical.ThrowableCollector.execute(ThrowableCollector.java:73)
	at org.junit.platform.engine.support.hierarchical.NodeTestTask.prepare(NodeTestTask.java:123)
	at org.junit.platform.engine.support.hierarchical.NodeTestTask.execute(NodeTestTask.java:90)
	at java.base/java.util.ArrayList.forEach(ArrayList.java:1596)
	at org.junit.platform.engine.support.hierarchical.SameThreadHierarchicalTestExecutorService.invokeAll(SameThreadHierarchicalTestExecutorService.java:41)
	at org.junit.platform.engine.support.hierarchical.NodeTestTask.lambda$executeRecursively$6(NodeTestTask.java:155)
	at org.junit.platform.engine.support.hierarchical.ThrowableCollector.execute(ThrowableCollector.java:73)
	at org.junit.platform.engine.support.hierarchical.NodeTestTask.lambda$executeRecursively$8(NodeTestTask.java:141)
	at org.junit.platform.engine.support.hierarchical.Node.around(Node.java:137)
	at org.junit.platform.engine.support.hierarchical.NodeTestTask.lambda$executeRecursively$9(NodeTestTask.java:139)
	at org.junit.platform.engine.support.hierarchical.ThrowableCollector.execute(ThrowableCollector.java:73)
	at org.junit.platform.engine.support.hierarchical.NodeTestTask.executeRecursively(NodeTestTask.java:138)
	at org.junit.platform.engine.support.hierarchical.NodeTestTask.execute(NodeTestTask.java:95)
	at java.base/java.util.ArrayList.forEach(ArrayList.java:1596)
	at org.junit.platform.engine.support.hierarchical.SameThreadHierarchicalTestExecutorService.invokeAll(SameThreadHierarchicalTestExecutorService.java:41)
	at org.junit.platform.engine.support.hierarchical.NodeTestTask.lambda$executeRecursively$6(NodeTestTask.java:155)
	at org.junit.platform.engine.support.hierarchical.ThrowableCollector.execute(ThrowableCollector.java:73)
	at org.junit.platform.engine.support.hierarchical.NodeTestTask.lambda$executeRecursively$8(NodeTestTask.java:141)
	at org.junit.platform.engine.support.hierarchical.Node.around(Node.java:137)
	at org.junit.platform.engine.support.hierarchical.NodeTestTask.lambda$executeRecursively$9(NodeTestTask.java:139)
	at org.junit.platform.engine.support.hierarchical.ThrowableCollector.execute(ThrowableCollector.java:73)
	at org.junit.platform.engine.support.hierarchical.NodeTestTask.executeRecursively(NodeTestTask.java:138)
	at org.junit.platform.engine.support.hierarchical.NodeTestTask.execute(NodeTestTask.java:95)
	at org.junit.platform.engine.support.hierarchical.SameThreadHierarchicalTestExecutorService.submit(SameThreadHierarchicalTestExecutorService.java:35)
	at org.junit.platform.engine.support.hierarchical.HierarchicalTestExecutor.execute(HierarchicalTestExecutor.java:57)
	at org.junit.platform.engine.support.hierarchical.HierarchicalTestEngine.execute(HierarchicalTestEngine.java:54)
	at org.junit.platform.launcher.core.EngineExecutionOrchestrator.execute(EngineExecutionOrchestrator.java:198)
	at org.junit.platform.launcher.core.EngineExecutionOrchestrator.execute(EngineExecutionOrchestrator.java:169)
	at org.junit.platform.launcher.core.EngineExecutionOrchestrator.execute(EngineExecutionOrchestrator.java:93)
	at org.junit.platform.launcher.core.EngineExecutionOrchestrator.lambda$execute$0(EngineExecutionOrchestrator.java:58)
	at org.junit.platform.launcher.core.EngineExecutionOrchestrator.withInterceptedStreams(EngineExecutionOrchestrator.java:141)
	at org.junit.platform.launcher.core.EngineExecutionOrchestrator.execute(EngineExecutionOrchestrator.java:57)
	at org.junit.platform.launcher.core.DefaultLauncher.execute(DefaultLauncher.java:103)
	at org.junit.platform.launcher.core.DefaultLauncher.execute(DefaultLauncher.java:85)
	at org.junit.platform.launcher.core.DelegatingLauncher.execute(DelegatingLauncher.java:47)
	at org.apache.maven.surefire.junitplatform.LazyLauncher.execute(LazyLauncher.java:56)
	at org.apache.maven.surefire.junitplatform.JUnitPlatformProvider.execute(JUnitPlatformProvider.java:184)
	at org.apache.maven.surefire.junitplatform.JUnitPlatformProvider.invokeAllTests(JUnitPlatformProvider.java:148)
	at org.apache.maven.surefire.junitplatform.JUnitPlatformProvider.invoke(JUnitPlatformProvider.java:122)
	at org.apache.maven.surefire.booter.ForkedBooter.runSuitesInProcess(ForkedBooter.java:385)
	at org.apache.maven.surefire.booter.ForkedBooter.execute(ForkedBooter.java:162)
	at org.apache.maven.surefire.booter.ForkedBooter.run(ForkedBooter.java:507)
	at org.apache.maven.surefire.booter.ForkedBooter.main(ForkedBooter.java:495)
Caused by: java.net.UnknownHostException: microservices-registration-server: Temporary failure in name resolution
	at java.base/java.net.Inet6AddressImpl.lookupAllHostAddr(Native Method)
	at java.base/java.net.Inet6AddressImpl.lookupAllHostAddr(Inet6AddressImpl.java:52)
	at java.base/java.net.InetAddress$PlatformResolver.lookupByName(InetAddress.java:1211)
	at java.base/java.net.InetAddress.getAddressesFromNameService(InetAddress.java:1828)
	at java.base/java.net.InetAddress$NameServiceAddresses.get(InetAddress.java:1139)
	at java.base/java.net.InetAddress.getAllByName0(InetAddress.java:1818)
	at java.base/java.net.InetAddress.getAllByName(InetAddress.java:1688)
	at org.apache.hc.client5.http.SystemDefaultDnsResolver.resolve(SystemDefaultDnsResolver.java:43)
	at org.apache.hc.client5.http.impl.io.DefaultHttpClientConnectionOperator.connect(DefaultHttpClientConnectionOperator.java:143)
	at org.apache.hc.client5.http.impl.io.PoolingHttpClientConnectionManager.connect(PoolingHttpClientConnectionManager.java:447)
	at org.apache.hc.client5.http.impl.classic.InternalExecRuntime.connectEndpoint(InternalExecRuntime.java:162)
	at org.apache.hc.client5.http.impl.classic.InternalExecRuntime.connectEndpoint(InternalExecRuntime.java:172)
	at org.apache.hc.client5.http.impl.classic.ConnectExec.execute(ConnectExec.java:142)
	at org.apache.hc.client5.http.impl.classic.ExecChainElement.execute(ExecChainElement.java:51)
	at org.apache.hc.client5.http.impl.classic.ProtocolExec.execute(ProtocolExec.java:192)
	at org.apache.hc.client5.http.impl.classic.ExecChainElement.execute(ExecChainElement.java:51)
	at org.apache.hc.client5.http.impl.classic.HttpRequestRetryExec.execute(HttpRequestRetryExec.java:96)
	at org.apache.hc.client5.http.impl.classic.ExecChainElement.execute(ExecChainElement.java:51)
	at org.apache.hc.client5.http.impl.classic.ContentCompressionExec.execute(ContentCompressionExec.java:152)
	at org.apache.hc.client5.http.impl.classic.ExecChainElement.execute(ExecChainElement.java:51)
	at org.apache.hc.client5.http.impl.classic.RedirectExec.execute(RedirectExec.java:115)
	at org.apache.hc.client5.http.impl.classic.ExecChainElement.execute(ExecChainElement.java:51)
	at org.apache.hc.client5.http.impl.classic.InternalHttpClient.doExecute(InternalHttpClient.java:170)
	at org.apache.hc.client5.http.impl.classic.CloseableHttpClient.execute(CloseableHttpClient.java:87)
	at org.apache.hc.client5.http.impl.classic.CloseableHttpClient.execute(CloseableHttpClient.java:55)
	at org.apache.hc.client5.http.classic.HttpClient.executeOpen(HttpClient.java:183)
	at org.springframework.http.client.HttpComponentsClientHttpRequest.executeInternal(HttpComponentsClientHttpRequest.java:95)
	at org.springframework.http.client.AbstractStreamingClientHttpRequest.executeInternal(AbstractStreamingClientHttpRequest.java:70)
	at org.springframework.http.client.AbstractClientHttpRequest.execute(AbstractClientHttpRequest.java:66)
	at org.springframework.http.client.InterceptingClientHttpRequest$InterceptingRequestExecution.execute(InterceptingClientHttpRequest.java:112)
	at org.springframework.cloud.netflix.eureka.http.RestTemplateTransportClientFactory.lambda$restTemplate$0(RestTemplateTransportClientFactory.java:143)
	at org.springframework.http.client.InterceptingClientHttpRequest$InterceptingRequestExecution.execute(InterceptingClientHttpRequest.java:88)
	at org.springframework.http.client.InterceptingClientHttpRequest.executeInternal(InterceptingClientHttpRequest.java:72)
	at org.springframework.http.client.AbstractBufferingClientHttpRequest.executeInternal(AbstractBufferingClientHttpRequest.java:48)
	at org.springframework.http.client.AbstractClientHttpRequest.execute(AbstractClientHttpRequest.java:66)
	at org.springframework.web.client.RestTemplate.doExecute(RestTemplate.java:889)
	... 141 more

2024-05-07T19:00:52.078+02:00  WARN 86410 --- [business-microservice-customer] [           main] c.n.d.s.t.d.RetryableEurekaHttpClient    : Request execution failed with message: I/O error on GET request for "http://microservices-registration-server:8761/eureka/apps/": microservices-registration-server: Temporary failure in name resolution
2024-05-07T19:00:52.079+02:00  INFO 86410 --- [business-microservice-customer] [           main] com.netflix.discovery.DiscoveryClient    : DiscoveryClient_BUSINESS-MICROSERVICE-CUSTOMER/192.168.1.214:business-microservice-customer:8102 - was unable to refresh its cache! This periodic background refresh will be retried in 30 seconds. status = Cannot execute request on any known server stacktrace = com.netflix.discovery.shared.transport.TransportException: Cannot execute request on any known server
	at com.netflix.discovery.shared.transport.decorator.RetryableEurekaHttpClient.execute(RetryableEurekaHttpClient.java:112)
	at com.netflix.discovery.shared.transport.decorator.EurekaHttpClientDecorator.getApplications(EurekaHttpClientDecorator.java:134)
	at com.netflix.discovery.shared.transport.decorator.EurekaHttpClientDecorator$6.execute(EurekaHttpClientDecorator.java:137)
	at com.netflix.discovery.shared.transport.decorator.SessionedEurekaHttpClient.execute(SessionedEurekaHttpClient.java:77)
	at com.netflix.discovery.shared.transport.decorator.EurekaHttpClientDecorator.getApplications(EurekaHttpClientDecorator.java:134)
	at com.netflix.discovery.DiscoveryClient.getAndStoreFullRegistry(DiscoveryClient.java:1045)
	at com.netflix.discovery.DiscoveryClient.fetchRegistry(DiscoveryClient.java:958)
	at com.netflix.discovery.DiscoveryClient.<init>(DiscoveryClient.java:396)
	at com.netflix.discovery.DiscoveryClient.<init>(DiscoveryClient.java:247)
	at com.netflix.discovery.DiscoveryClient.<init>(DiscoveryClient.java:242)
	at org.springframework.cloud.netflix.eureka.CloudEurekaClient.<init>(CloudEurekaClient.java:68)
	at org.springframework.cloud.netflix.eureka.EurekaClientAutoConfiguration$RefreshableEurekaClientConfiguration.eurekaClient(EurekaClientAutoConfiguration.java:321)
	at java.base/jdk.internal.reflect.DirectMethodHandleAccessor.invoke(DirectMethodHandleAccessor.java:103)
	at java.base/java.lang.reflect.Method.invoke(Method.java:580)
	at org.springframework.beans.factory.support.SimpleInstantiationStrategy.instantiate(SimpleInstantiationStrategy.java:140)
	at org.springframework.beans.factory.support.ConstructorResolver.instantiate(ConstructorResolver.java:644)
	at org.springframework.beans.factory.support.ConstructorResolver.instantiateUsingFactoryMethod(ConstructorResolver.java:636)
	at org.springframework.beans.factory.support.AbstractAutowireCapableBeanFactory.instantiateUsingFactoryMethod(AbstractAutowireCapableBeanFactory.java:1335)
	at org.springframework.beans.factory.support.AbstractAutowireCapableBeanFactory.createBeanInstance(AbstractAutowireCapableBeanFactory.java:1165)
	at org.springframework.beans.factory.support.AbstractAutowireCapableBeanFactory.doCreateBean(AbstractAutowireCapableBeanFactory.java:562)
	at org.springframework.beans.factory.support.AbstractAutowireCapableBeanFactory.createBean(AbstractAutowireCapableBeanFactory.java:522)
	at org.springframework.beans.factory.support.AbstractBeanFactory.lambda$doGetBean$1(AbstractBeanFactory.java:365)
	at org.springframework.cloud.context.scope.GenericScope$BeanLifecycleWrapper.getBean(GenericScope.java:375)
	at org.springframework.cloud.context.scope.GenericScope.get(GenericScope.java:179)
	at org.springframework.beans.factory.support.AbstractBeanFactory.doGetBean(AbstractBeanFactory.java:362)
	at org.springframework.beans.factory.support.AbstractBeanFactory.getBean(AbstractBeanFactory.java:200)
	at org.springframework.aop.target.SimpleBeanTargetSource.getTarget(SimpleBeanTargetSource.java:35)
	at org.springframework.cloud.netflix.eureka.serviceregistry.EurekaRegistration.getTargetObject(EurekaRegistration.java:128)
	at org.springframework.cloud.netflix.eureka.serviceregistry.EurekaRegistration.getEurekaClient(EurekaRegistration.java:116)
	at java.base/jdk.internal.reflect.DirectMethodHandleAccessor.invoke(DirectMethodHandleAccessor.java:103)
	at java.base/java.lang.reflect.Method.invoke(Method.java:580)
	at org.springframework.util.ReflectionUtils.invokeMethod(ReflectionUtils.java:281)
	at org.springframework.cloud.context.scope.GenericScope$LockedScopedProxyFactoryBean.invoke(GenericScope.java:482)
	at org.springframework.aop.framework.ReflectiveMethodInvocation.proceed(ReflectiveMethodInvocation.java:184)
	at org.springframework.aop.framework.CglibAopProxy$CglibMethodInvocation.proceed(CglibAopProxy.java:768)
	at org.springframework.aop.framework.CglibAopProxy$DynamicAdvisedInterceptor.intercept(CglibAopProxy.java:720)
	at org.springframework.cloud.netflix.eureka.serviceregistry.EurekaRegistration$$SpringCGLIB$$0.getEurekaClient(<generated>)
	at org.springframework.cloud.netflix.eureka.serviceregistry.EurekaServiceRegistry.maybeInitializeClient(EurekaServiceRegistry.java:83)
	at org.springframework.cloud.netflix.eureka.serviceregistry.EurekaServiceRegistry.register(EurekaServiceRegistry.java:66)
	at org.springframework.cloud.netflix.eureka.serviceregistry.EurekaAutoServiceRegistration.start(EurekaAutoServiceRegistration.java:89)
	at org.springframework.context.support.DefaultLifecycleProcessor.doStart(DefaultLifecycleProcessor.java:288)
	at org.springframework.context.support.DefaultLifecycleProcessor$LifecycleGroup.start(DefaultLifecycleProcessor.java:471)
	at java.base/java.lang.Iterable.forEach(Iterable.java:75)
	at org.springframework.context.support.DefaultLifecycleProcessor.startBeans(DefaultLifecycleProcessor.java:260)
	at org.springframework.context.support.DefaultLifecycleProcessor.onRefresh(DefaultLifecycleProcessor.java:205)
	at org.springframework.context.support.AbstractApplicationContext.finishRefresh(AbstractApplicationContext.java:981)
	at org.springframework.context.support.AbstractApplicationContext.refresh(AbstractApplicationContext.java:627)
	at org.springframework.boot.SpringApplication.refresh(SpringApplication.java:754)
	at org.springframework.boot.SpringApplication.refreshContext(SpringApplication.java:456)
	at org.springframework.boot.SpringApplication.run(SpringApplication.java:334)
	at org.springframework.boot.test.context.SpringBootContextLoader.lambda$loadContext$3(SpringBootContextLoader.java:137)
	at org.springframework.util.function.ThrowingSupplier.get(ThrowingSupplier.java:58)
	at org.springframework.util.function.ThrowingSupplier.get(ThrowingSupplier.java:46)
	at org.springframework.boot.SpringApplication.withHook(SpringApplication.java:1454)
	at org.springframework.boot.test.context.SpringBootContextLoader$ContextLoaderHook.run(SpringBootContextLoader.java:553)
	at org.springframework.boot.test.context.SpringBootContextLoader.loadContext(SpringBootContextLoader.java:137)
	at org.springframework.boot.test.context.SpringBootContextLoader.loadContext(SpringBootContextLoader.java:108)
	at org.springframework.test.context.cache.DefaultCacheAwareContextLoaderDelegate.loadContextInternal(DefaultCacheAwareContextLoaderDelegate.java:225)
	at org.springframework.test.context.cache.DefaultCacheAwareContextLoaderDelegate.loadContext(DefaultCacheAwareContextLoaderDelegate.java:152)
	at org.springframework.test.context.support.DefaultTestContext.getApplicationContext(DefaultTestContext.java:130)
	at org.springframework.test.context.web.ServletTestExecutionListener.setUpRequestContextIfNecessary(ServletTestExecutionListener.java:191)
	at org.springframework.test.context.web.ServletTestExecutionListener.prepareTestInstance(ServletTestExecutionListener.java:130)
	at org.springframework.test.context.TestContextManager.prepareTestInstance(TestContextManager.java:260)
	at org.springframework.test.context.junit.jupiter.SpringExtension.postProcessTestInstance(SpringExtension.java:163)
	at org.junit.jupiter.engine.descriptor.ClassBasedTestDescriptor.lambda$invokeTestInstancePostProcessors$10(ClassBasedTestDescriptor.java:378)
	at org.junit.jupiter.engine.descriptor.ClassBasedTestDescriptor.executeAndMaskThrowable(ClassBasedTestDescriptor.java:383)
	at org.junit.jupiter.engine.descriptor.ClassBasedTestDescriptor.lambda$invokeTestInstancePostProcessors$11(ClassBasedTestDescriptor.java:378)
	at java.base/java.util.stream.ReferencePipeline$3$1.accept(ReferencePipeline.java:197)
	at java.base/java.util.stream.ReferencePipeline$2$1.accept(ReferencePipeline.java:179)
	at java.base/java.util.ArrayList$ArrayListSpliterator.forEachRemaining(ArrayList.java:1708)
	at java.base/java.util.stream.AbstractPipeline.copyInto(AbstractPipeline.java:509)
	at java.base/java.util.stream.AbstractPipeline.wrapAndCopyInto(AbstractPipeline.java:499)
	at java.base/java.util.stream.StreamSpliterators$WrappingSpliterator.forEachRemaining(StreamSpliterators.java:310)
	at java.base/java.util.stream.Streams$ConcatSpliterator.forEachRemaining(Streams.java:735)
	at java.base/java.util.stream.Streams$ConcatSpliterator.forEachRemaining(Streams.java:734)
	at java.base/java.util.stream.ReferencePipeline$Head.forEach(ReferencePipeline.java:762)
	at org.junit.jupiter.engine.descriptor.ClassBasedTestDescriptor.invokeTestInstancePostProcessors(ClassBasedTestDescriptor.java:377)
	at org.junit.jupiter.engine.descriptor.ClassBasedTestDescriptor.lambda$instantiateAndPostProcessTestInstance$6(ClassBasedTestDescriptor.java:290)
	at org.junit.platform.engine.support.hierarchical.ThrowableCollector.execute(ThrowableCollector.java:73)
	at org.junit.jupiter.engine.descriptor.ClassBasedTestDescriptor.instantiateAndPostProcessTestInstance(ClassBasedTestDescriptor.java:289)
	at org.junit.jupiter.engine.descriptor.ClassBasedTestDescriptor.lambda$testInstancesProvider$4(ClassBasedTestDescriptor.java:279)
	at java.base/java.util.Optional.orElseGet(Optional.java:364)
	at org.junit.jupiter.engine.descriptor.ClassBasedTestDescriptor.lambda$testInstancesProvider$5(ClassBasedTestDescriptor.java:278)
	at org.junit.jupiter.engine.execution.TestInstancesProvider.getTestInstances(TestInstancesProvider.java:31)
	at org.junit.jupiter.engine.descriptor.TestMethodTestDescriptor.lambda$prepare$0(TestMethodTestDescriptor.java:106)
	at org.junit.platform.engine.support.hierarchical.ThrowableCollector.execute(ThrowableCollector.java:73)
	at org.junit.jupiter.engine.descriptor.TestMethodTestDescriptor.prepare(TestMethodTestDescriptor.java:105)
	at org.junit.jupiter.engine.descriptor.TestMethodTestDescriptor.prepare(TestMethodTestDescriptor.java:69)
	at org.junit.platform.engine.support.hierarchical.NodeTestTask.lambda$prepare$2(NodeTestTask.java:123)
	at org.junit.platform.engine.support.hierarchical.ThrowableCollector.execute(ThrowableCollector.java:73)
	at org.junit.platform.engine.support.hierarchical.NodeTestTask.prepare(NodeTestTask.java:123)
	at org.junit.platform.engine.support.hierarchical.NodeTestTask.execute(NodeTestTask.java:90)
	at java.base/java.util.ArrayList.forEach(ArrayList.java:1596)
	at org.junit.platform.engine.support.hierarchical.SameThreadHierarchicalTestExecutorService.invokeAll(SameThreadHierarchicalTestExecutorService.java:41)
	at org.junit.platform.engine.support.hierarchical.NodeTestTask.lambda$executeRecursively$6(NodeTestTask.java:155)
	at org.junit.platform.engine.support.hierarchical.ThrowableCollector.execute(ThrowableCollector.java:73)
	at org.junit.platform.engine.support.hierarchical.NodeTestTask.lambda$executeRecursively$8(NodeTestTask.java:141)
	at org.junit.platform.engine.support.hierarchical.Node.around(Node.java:137)
	at org.junit.platform.engine.support.hierarchical.NodeTestTask.lambda$executeRecursively$9(NodeTestTask.java:139)
	at org.junit.platform.engine.support.hierarchical.ThrowableCollector.execute(ThrowableCollector.java:73)
	at org.junit.platform.engine.support.hierarchical.NodeTestTask.executeRecursively(NodeTestTask.java:138)
	at org.junit.platform.engine.support.hierarchical.NodeTestTask.execute(NodeTestTask.java:95)
	at java.base/java.util.ArrayList.forEach(ArrayList.java:1596)
	at org.junit.platform.engine.support.hierarchical.SameThreadHierarchicalTestExecutorService.invokeAll(SameThreadHierarchicalTestExecutorService.java:41)
	at org.junit.platform.engine.support.hierarchical.NodeTestTask.lambda$executeRecursively$6(NodeTestTask.java:155)
	at org.junit.platform.engine.support.hierarchical.ThrowableCollector.execute(ThrowableCollector.java:73)
	at org.junit.platform.engine.support.hierarchical.NodeTestTask.lambda$executeRecursively$8(NodeTestTask.java:141)
	at org.junit.platform.engine.support.hierarchical.Node.around(Node.java:137)
	at org.junit.platform.engine.support.hierarchical.NodeTestTask.lambda$executeRecursively$9(NodeTestTask.java:139)
	at org.junit.platform.engine.support.hierarchical.ThrowableCollector.execute(ThrowableCollector.java:73)
	at org.junit.platform.engine.support.hierarchical.NodeTestTask.executeRecursively(NodeTestTask.java:138)
	at org.junit.platform.engine.support.hierarchical.NodeTestTask.execute(NodeTestTask.java:95)
	at org.junit.platform.engine.support.hierarchical.SameThreadHierarchicalTestExecutorService.submit(SameThreadHierarchicalTestExecutorService.java:35)
	at org.junit.platform.engine.support.hierarchical.HierarchicalTestExecutor.execute(HierarchicalTestExecutor.java:57)
	at org.junit.platform.engine.support.hierarchical.HierarchicalTestEngine.execute(HierarchicalTestEngine.java:54)
	at org.junit.platform.launcher.core.EngineExecutionOrchestrator.execute(EngineExecutionOrchestrator.java:198)
	at org.junit.platform.launcher.core.EngineExecutionOrchestrator.execute(EngineExecutionOrchestrator.java:169)
	at org.junit.platform.launcher.core.EngineExecutionOrchestrator.execute(EngineExecutionOrchestrator.java:93)
	at org.junit.platform.launcher.core.EngineExecutionOrchestrator.lambda$execute$0(EngineExecutionOrchestrator.java:58)
	at org.junit.platform.launcher.core.EngineExecutionOrchestrator.withInterceptedStreams(EngineExecutionOrchestrator.java:141)
	at org.junit.platform.launcher.core.EngineExecutionOrchestrator.execute(EngineExecutionOrchestrator.java:57)
	at org.junit.platform.launcher.core.DefaultLauncher.execute(DefaultLauncher.java:103)
	at org.junit.platform.launcher.core.DefaultLauncher.execute(DefaultLauncher.java:85)
	at org.junit.platform.launcher.core.DelegatingLauncher.execute(DelegatingLauncher.java:47)
	at org.apache.maven.surefire.junitplatform.LazyLauncher.execute(LazyLauncher.java:56)
	at org.apache.maven.surefire.junitplatform.JUnitPlatformProvider.execute(JUnitPlatformProvider.java:184)
	at org.apache.maven.surefire.junitplatform.JUnitPlatformProvider.invokeAllTests(JUnitPlatformProvider.java:148)
	at org.apache.maven.surefire.junitplatform.JUnitPlatformProvider.invoke(JUnitPlatformProvider.java:122)
	at org.apache.maven.surefire.booter.ForkedBooter.runSuitesInProcess(ForkedBooter.java:385)
	at org.apache.maven.surefire.booter.ForkedBooter.execute(ForkedBooter.java:162)
	at org.apache.maven.surefire.booter.ForkedBooter.run(ForkedBooter.java:507)
	at org.apache.maven.surefire.booter.ForkedBooter.main(ForkedBooter.java:495)

2024-05-07T19:00:52.080+02:00  INFO 86410 --- [business-microservice-customer] [           main] com.netflix.discovery.DiscoveryClient    : Initial registry fetch from primary servers failed
2024-05-07T19:00:52.081+02:00  WARN 86410 --- [business-microservice-customer] [           main] com.netflix.discovery.DiscoveryClient    : Using default backup registry implementation which does not do anything.
2024-05-07T19:00:52.081+02:00  INFO 86410 --- [business-microservice-customer] [           main] com.netflix.discovery.DiscoveryClient    : Initial registry fetch from backup servers failed
2024-05-07T19:00:52.083+02:00  INFO 86410 --- [business-microservice-customer] [           main] com.netflix.discovery.DiscoveryClient    : Starting heartbeat executor: renew interval is: 30
2024-05-07T19:00:52.086+02:00  INFO 86410 --- [business-microservice-customer] [           main] c.n.discovery.InstanceInfoReplicator     : InstanceInfoReplicator onDemand update allowed rate per min is 4
2024-05-07T19:00:52.094+02:00  INFO 86410 --- [business-microservice-customer] [           main] com.netflix.discovery.DiscoveryClient    : Discovery Client initialized at timestamp 1715101252093 with initial instances count: 0
2024-05-07T19:00:52.115+02:00  INFO 86410 --- [business-microservice-customer] [           main] o.s.c.n.e.s.EurekaServiceRegistry        : Registering application BUSINESS-MICROSERVICE-CUSTOMER with eureka with status UP
2024-05-07T19:00:52.116+02:00  INFO 86410 --- [business-microservice-customer] [           main] com.netflix.discovery.DiscoveryClient    : Saw local status change event StatusChangeEvent [timestamp=1715101252116, current=UP, previous=STARTING]
2024-05-07T19:00:52.117+02:00  INFO 86410 --- [business-microservice-customer] [nfoReplicator-0] com.netflix.discovery.DiscoveryClient    : DiscoveryClient_BUSINESS-MICROSERVICE-CUSTOMER/192.168.1.214:business-microservice-customer:8102: registering service...
2024-05-07T19:00:52.144+02:00  INFO 86410 --- [business-microservice-customer] [           main] nessMicroserviceCustomerApplicationTests : Started BusinessMicroserviceCustomerApplicationTests in 11.304 seconds (process running for 15.44)
2024-05-07T19:00:52.184+02:00  INFO 86410 --- [business-microservice-customer] [nfoReplicator-0] c.n.d.s.t.d.RedirectingEurekaHttpClient  : Request execution error. endpoint=DefaultEndpoint{ serviceUrl='http://microservices-registration-server:8761/eureka/}, exception=I/O error on POST request for "http://microservices-registration-server:8761/eureka/apps/BUSINESS-MICROSERVICE-CUSTOMER": microservices-registration-server stacktrace=org.springframework.web.client.ResourceAccessException: I/O error on POST request for "http://microservices-registration-server:8761/eureka/apps/BUSINESS-MICROSERVICE-CUSTOMER": microservices-registration-server
	at org.springframework.web.client.RestTemplate.createResourceAccessException(RestTemplate.java:915)
	at org.springframework.web.client.RestTemplate.doExecute(RestTemplate.java:895)
	at org.springframework.web.client.RestTemplate.execute(RestTemplate.java:790)
	at org.springframework.web.client.RestTemplate.exchange(RestTemplate.java:672)
	at org.springframework.cloud.netflix.eureka.http.RestTemplateEurekaHttpClient.register(RestTemplateEurekaHttpClient.java:77)
	at com.netflix.discovery.shared.transport.decorator.EurekaHttpClientDecorator$1.execute(EurekaHttpClientDecorator.java:59)
	at com.netflix.discovery.shared.transport.decorator.RedirectingEurekaHttpClient.executeOnNewServer(RedirectingEurekaHttpClient.java:121)
	at com.netflix.discovery.shared.transport.decorator.RedirectingEurekaHttpClient.execute(RedirectingEurekaHttpClient.java:80)
	at com.netflix.discovery.shared.transport.decorator.EurekaHttpClientDecorator.register(EurekaHttpClientDecorator.java:56)
	at com.netflix.discovery.shared.transport.decorator.EurekaHttpClientDecorator$1.execute(EurekaHttpClientDecorator.java:59)
	at com.netflix.discovery.shared.transport.decorator.RetryableEurekaHttpClient.execute(RetryableEurekaHttpClient.java:120)
	at com.netflix.discovery.shared.transport.decorator.EurekaHttpClientDecorator.register(EurekaHttpClientDecorator.java:56)
	at com.netflix.discovery.shared.transport.decorator.EurekaHttpClientDecorator$1.execute(EurekaHttpClientDecorator.java:59)
	at com.netflix.discovery.shared.transport.decorator.SessionedEurekaHttpClient.execute(SessionedEurekaHttpClient.java:77)
	at com.netflix.discovery.shared.transport.decorator.EurekaHttpClientDecorator.register(EurekaHttpClientDecorator.java:56)
	at com.netflix.discovery.DiscoveryClient.register(DiscoveryClient.java:820)
	at com.netflix.discovery.InstanceInfoReplicator.run(InstanceInfoReplicator.java:121)
	at com.netflix.discovery.InstanceInfoReplicator$1.run(InstanceInfoReplicator.java:101)
	at java.base/java.util.concurrent.Executors$RunnableAdapter.call(Executors.java:572)
	at java.base/java.util.concurrent.FutureTask.run(FutureTask.java:317)
	at java.base/java.util.concurrent.ScheduledThreadPoolExecutor$ScheduledFutureTask.run(ScheduledThreadPoolExecutor.java:304)
	at java.base/java.util.concurrent.ThreadPoolExecutor.runWorker(ThreadPoolExecutor.java:1144)
	at java.base/java.util.concurrent.ThreadPoolExecutor$Worker.run(ThreadPoolExecutor.java:642)
	at java.base/java.lang.Thread.run(Thread.java:1583)
Caused by: java.net.UnknownHostException: microservices-registration-server
	at java.base/java.net.InetAddress$CachedLookup.get(InetAddress.java:988)
	at java.base/java.net.InetAddress.getAllByName0(InetAddress.java:1818)
	at java.base/java.net.InetAddress.getAllByName(InetAddress.java:1688)
	at org.apache.hc.client5.http.SystemDefaultDnsResolver.resolve(SystemDefaultDnsResolver.java:43)
	at org.apache.hc.client5.http.impl.io.DefaultHttpClientConnectionOperator.connect(DefaultHttpClientConnectionOperator.java:143)
	at org.apache.hc.client5.http.impl.io.PoolingHttpClientConnectionManager.connect(PoolingHttpClientConnectionManager.java:447)
	at org.apache.hc.client5.http.impl.classic.InternalExecRuntime.connectEndpoint(InternalExecRuntime.java:162)
	at org.apache.hc.client5.http.impl.classic.InternalExecRuntime.connectEndpoint(InternalExecRuntime.java:172)
	at org.apache.hc.client5.http.impl.classic.ConnectExec.execute(ConnectExec.java:142)
	at org.apache.hc.client5.http.impl.classic.ExecChainElement.execute(ExecChainElement.java:51)
	at org.apache.hc.client5.http.impl.classic.ProtocolExec.execute(ProtocolExec.java:192)
	at org.apache.hc.client5.http.impl.classic.ExecChainElement.execute(ExecChainElement.java:51)
	at org.apache.hc.client5.http.impl.classic.HttpRequestRetryExec.execute(HttpRequestRetryExec.java:96)
	at org.apache.hc.client5.http.impl.classic.ExecChainElement.execute(ExecChainElement.java:51)
	at org.apache.hc.client5.http.impl.classic.ContentCompressionExec.execute(ContentCompressionExec.java:152)
	at org.apache.hc.client5.http.impl.classic.ExecChainElement.execute(ExecChainElement.java:51)
	at org.apache.hc.client5.http.impl.classic.RedirectExec.execute(RedirectExec.java:115)
	at org.apache.hc.client5.http.impl.classic.ExecChainElement.execute(ExecChainElement.java:51)
	at org.apache.hc.client5.http.impl.classic.InternalHttpClient.doExecute(InternalHttpClient.java:170)
	at org.apache.hc.client5.http.impl.classic.CloseableHttpClient.execute(CloseableHttpClient.java:87)
	at org.apache.hc.client5.http.impl.classic.CloseableHttpClient.execute(CloseableHttpClient.java:55)
	at org.apache.hc.client5.http.classic.HttpClient.executeOpen(HttpClient.java:183)
	at org.springframework.http.client.HttpComponentsClientHttpRequest.executeInternal(HttpComponentsClientHttpRequest.java:95)
	at org.springframework.http.client.AbstractStreamingClientHttpRequest.executeInternal(AbstractStreamingClientHttpRequest.java:70)
	at org.springframework.http.client.AbstractClientHttpRequest.execute(AbstractClientHttpRequest.java:66)
	at org.springframework.http.client.InterceptingClientHttpRequest$InterceptingRequestExecution.execute(InterceptingClientHttpRequest.java:112)
	at org.springframework.cloud.netflix.eureka.http.RestTemplateTransportClientFactory.lambda$restTemplate$0(RestTemplateTransportClientFactory.java:143)
	at org.springframework.http.client.InterceptingClientHttpRequest$InterceptingRequestExecution.execute(InterceptingClientHttpRequest.java:88)
	at org.springframework.http.client.InterceptingClientHttpRequest.executeInternal(InterceptingClientHttpRequest.java:72)
	at org.springframework.http.client.AbstractBufferingClientHttpRequest.executeInternal(AbstractBufferingClientHttpRequest.java:48)
	at org.springframework.http.client.AbstractClientHttpRequest.execute(AbstractClientHttpRequest.java:66)
	at org.springframework.web.client.RestTemplate.doExecute(RestTemplate.java:889)
	... 22 more

2024-05-07T19:00:52.185+02:00  WARN 86410 --- [business-microservice-customer] [nfoReplicator-0] c.n.d.s.t.d.RetryableEurekaHttpClient    : Request execution failed with message: I/O error on POST request for "http://microservices-registration-server:8761/eureka/apps/BUSINESS-MICROSERVICE-CUSTOMER": microservices-registration-server
]]></system-out>
  </testcase>
</testsuite>